#
# A fatal error has been detected by the Java Runtime Environment:
#
#  EXCEPTION_ACCESS_VIOLATION (0xc0000005) at pc=0x00007ff80dfcc9de, pid=7112, tid=14608
#
# JRE version: OpenJDK Runtime Environment (17.0.6) (build 17.0.6+0-b2043.56-10027231)
# Java VM: OpenJDK 64-Bit Server VM (17.0.6+0-b2043.56-10027231, mixed mode, tiered, compressed oops, compressed class ptrs, g1 gc, windows-amd64)
# Problematic frame:
# V  [jvm.dll+0x1ac9de]
#
# No core dump will be written. Minidumps are not enabled by default on client versions of Windows
#
# If you would like to submit a bug report, please visit:
#   https://bugreport.java.com/bugreport/crash.jsp
#

---------------  S U M M A R Y ------------

Command Line: --add-opens=java.base/java.util=ALL-UNNAMED --add-opens=java.base/java.lang=ALL-UNNAMED --add-opens=java.base/java.lang.invoke=ALL-UNNAMED --add-opens=java.prefs/java.util.prefs=ALL-UNNAMED --add-opens=java.base/java.nio.charset=ALL-UNNAMED --add-opens=java.base/java.net=ALL-UNNAMED --add-opens=java.base/java.util.concurrent.atomic=ALL-UNNAMED -Xmx2048m -Dfile.encoding=UTF-8 -Duser.country=FR -Duser.language=fr -Duser.variant org.gradle.launcher.daemon.bootstrap.GradleDaemon 8.0

Host: Intel(R) Core(TM) i7-2670QM CPU @ 2.20GHz, 8 cores, 31G,  Windows 10 , 64 bit Build 19041 (10.0.19041.3636)
Time: Thu Feb 29 23:35:16 2024 Paris, Madrid elapsed time: 26.276634 seconds (0d 0h 0m 26s)

---------------  T H R E A D  ---------------

Current thread (0x000002a5e87a0f90):  JavaThread "C2 CompilerThread1" daemon [_thread_in_native, id=14608, stack(0x000000be58a00000,0x000000be58b00000)]


Current CompileTask:
C2:  26276 10651   !   4       java.nio.file.FileTreeWalker::next (144 bytes)

Stack: [0x000000be58a00000,0x000000be58b00000],  sp=0x000000be58afb150,  free space=1004k
Native frames: (J=compiled Java code, j=interpreted, Vv=VM code, C=native code)
V  [jvm.dll+0x1ac9de]
V  [jvm.dll+0x2215fa]
V  [jvm.dll+0x21ff32]
V  [jvm.dll+0x21e347]
V  [jvm.dll+0x21b51b]
V  [jvm.dll+0x1a4fdd]
V  [jvm.dll+0x22b098]
V  [jvm.dll+0x229159]
V  [jvm.dll+0x7f81ec]
V  [jvm.dll+0x7f274a]
V  [jvm.dll+0x682ad5]
C  [ucrtbase.dll+0x21bb2]
C  [KERNEL32.DLL+0x17344]
C  [ntdll.dll+0x526b1]


siginfo: EXCEPTION_ACCESS_VIOLATION (0xc0000005), reading address 0x000002ade57d024c


Register to memory mapping:

RIP=0x00007ff80dfcc9de jvm.dll
RAX=0x0 is NULL
RBX=0x000002a5eca06ae0 points into unknown readable memory: 0x000002a5eca06b20 | 20 6b a0 ec a5 02 00 00
RCX=0x0 is NULL
RDX=0x0000000000000001 is an unknown value
RSP=0x000000be58afb150 is pointing into the stack for thread: 0x000002a5e87a0f90
RBP=0x000000be58afb218 is pointing into the stack for thread: 0x000002a5e87a0f90
RSI=0x000002a5eca069a0 points into unknown readable memory: 0x000002a5eca069e0 | e0 69 a0 ec a5 02 00 00
RDI=0x000002ade57d0200 is an unknown value
R8 =0x0 is NULL
R9 =0x0 is NULL
R10=0x0000000000000001 is an unknown value
R11=0x0000000000000001 is an unknown value
R12=0x0000000000000001 is an unknown value
R13=0x000000be58afb280 is pointing into the stack for thread: 0x000002a5e87a0f90
R14=0x0000000000000218 is an unknown value
R15=0x000000be58afb2e0 is pointing into the stack for thread: 0x000002a5e87a0f90


Registers:
RAX=0x0000000000000000, RBX=0x000002a5eca06ae0, RCX=0x0000000000000000, RDX=0x0000000000000001
RSP=0x000000be58afb150, RBP=0x000000be58afb218, RSI=0x000002a5eca069a0, RDI=0x000002ade57d0200
R8 =0x0000000000000000, R9 =0x0000000000000000, R10=0x0000000000000001, R11=0x0000000000000001
R12=0x0000000000000001, R13=0x000000be58afb280, R14=0x0000000000000218, R15=0x000000be58afb2e0
RIP=0x00007ff80dfcc9de, EFLAGS=0x0000000000010202

Top of Stack: (sp=0x000000be58afb150)
0x000000be58afb150:   0000000000000001 00007ff80e480dec
0x000000be58afb160:   000000be58afb2e0 0000000000000005
0x000000be58afb170:   000000be00000001 0000000000000001
0x000000be58afb180:   0000000000000000 000000be58afe8d0
0x000000be58afb190:   0000000000000001 00007ff80e0415fa
0x000000be58afb1a0:   000002a5f04d0130 00007ff80de20000
0x000000be58afb1b0:   000002a5f04cfe18 0000000000000131
0x000000be58afb1c0:   000002a5ea4b9020 00007ff800000100
0x000000be58afb1d0:   000002a5f0512410 000002a5000000af
0x000000be58afb1e0:   0000000000000200 000002a5f050dc10
0x000000be58afb1f0:   0000000000000200 000002a5ea4b9020
0x000000be58afb200:   000002a500000000 000002a5e90d5710
0x000000be58afb210:   0000000000000000 0000000000000050
0x000000be58afb220:   0000000000000003 0000000000000000
0x000000be58afb230:   000002a5ea223f00 000002a5ea4b9020
0x000000be58afb240:   000002a5eeb195a0 00000000000113c0 

Instructions: (pc=0x00007ff80dfcc9de)
0x00007ff80dfcc8de:   48 8b 83 58 08 00 00 48 8b 5c 24 30 48 8b 04 01
0x00007ff80dfcc8ee:   48 83 c4 28 c3 cc cc cc cc cc cc cc cc cc cc cc
0x00007ff80dfcc8fe:   cc cc 48 89 5c 24 08 57 48 83 ec 20 48 8b 41 08
0x00007ff80dfcc90e:   8b d2 48 8b 3c d0 65 48 8b 04 25 58 00 00 00 8b
0x00007ff80dfcc91e:   15 95 30 a2 00 48 8b 1c d0 b8 50 00 00 00 80 3c
0x00007ff80dfcc92e:   18 00 75 05 e8 99 11 6f 00 b8 20 00 00 00 48 8b
0x00007ff80dfcc93e:   cf 48 8b 04 18 48 8b 90 d0 04 00 00 48 8b 07 48
0x00007ff80dfcc94e:   8b 9a 80 00 00 00 ff 50 68 8b c0 48 8d 0c c5 18
0x00007ff80dfcc95e:   0b 00 00 48 8b 83 58 08 00 00 48 8b 5c 24 30 48
0x00007ff80dfcc96e:   8b 04 01 48 83 c4 20 5f c3 cc cc cc cc cc cc cc
0x00007ff80dfcc97e:   cc cc 48 89 5c 24 08 48 89 74 24 10 48 89 7c 24
0x00007ff80dfcc98e:   18 41 56 48 83 ec 40 48 8b 41 30 45 33 f6 45 33
0x00007ff80dfcc99e:   db 45 33 d2 48 8b f1 48 8b d9 44 8b 40 4c 44 2b
0x00007ff80dfcc9ae:   41 14 44 03 41 10 0f 1f 40 00 0f 1f 84 00 00 00
0x00007ff80dfcc9be:   00 00 8b 4b 14 44 8b 4b 18 48 8b 7b 30 44 2b c9
0x00007ff80dfcc9ce:   2b 4b 10 41 d1 f9 48 3b de 0f 94 c0 42 8d 14 19
0x00007ff80dfcc9de:   8b 4f 4c 88 44 24 30 44 89 54 24 28 44 89 5c 24
0x00007ff80dfcc9ee:   20 e8 6c 00 e6 ff 48 8b 1b 45 33 c0 44 8b 5f 6c
0x00007ff80dfcc9fe:   44 8b 57 50 45 8d 34 c6 48 85 db 75 b5 41 8b d2
0x00007ff80dfcca0e:   33 c9 e8 db 46 14 00 48 8b 5c 24 50 48 8b 74 24
0x00007ff80dfcca1e:   58 48 8b 7c 24 60 41 8d 04 c6 48 83 c4 40 41 5e
0x00007ff80dfcca2e:   c3 cc 83 79 38 00 0f 94 c0 c3 cc cc cc cc cc cc
0x00007ff80dfcca3e:   cc cc 48 83 ec 28 48 8b 49 78 48 85 c9 74 18 48
0x00007ff80dfcca4e:   8d 15 9c ce 77 00 e8 4b 22 6f 00 48 85 c0 74 07
0x00007ff80dfcca5e:   b0 01 48 83 c4 28 c3 32 c0 48 83 c4 28 c3 cc cc
0x00007ff80dfcca6e:   cc cc 41 57 48 83 ec 70 48 8b 41 08 4c 8b f9 48
0x00007ff80dfcca7e:   8b 48 30 8b 51 38 89 94 24 80 00 00 00 85 d2 7f
0x00007ff80dfcca8e:   09 32 c0 48 83 c4 70 41 5f c3 48 89 5c 24 68 4c
0x00007ff80dfcca9e:   8d 8c 24 98 00 00 00 48 8b 58 28 48 8d 94 24 90
0x00007ff80dfccaae:   00 00 00 4c 8b c3 48 c7 84 24 90 00 00 00 00 00
0x00007ff80dfccabe:   00 00 48 c7 84 24 98 00 00 00 00 00 00 00 e8 7f
0x00007ff80dfccace:   18 3c 00 84 c0 74 0a 4c 39 bc 24 90 00 00 00 74 


Stack slot to memory mapping:
stack at sp + 0 slots: 0x0000000000000001 is an unknown value
stack at sp + 1 slots: 0x00007ff80e480dec jvm.dll
stack at sp + 2 slots: 0x000000be58afb2e0 is pointing into the stack for thread: 0x000002a5e87a0f90
stack at sp + 3 slots: 0x0000000000000005 is an unknown value
stack at sp + 4 slots: 0x000000be00000001 is an unknown value
stack at sp + 5 slots: 0x0000000000000001 is an unknown value
stack at sp + 6 slots: 0x0 is NULL
stack at sp + 7 slots: 0x000000be58afe8d0 is pointing into the stack for thread: 0x000002a5e87a0f90


---------------  P R O C E S S  ---------------

Threads class SMR info:
_java_thread_list=0x000002a5eeb467f0, length=138, elements={
0x000002a5c813fb50, 0x000002a5e4065c10, 0x000002a5e40679a0, 0x000002a5e4072fc0,
0x000002a5e40a8510, 0x000002a5e40abdf0, 0x000002a5e40ac6b0, 0x000002a5e40adfe0,
0x000002a5e40b92b0, 0x000002a5e40bbbc0, 0x000002a5e422f790, 0x000002a5e423eb40,
0x000002a5e7721c80, 0x000002a5e7720940, 0x000002a5e7720e10, 0x000002a5e7722620,
0x000002a5e7722150, 0x000002a5e77217b0, 0x000002a5e771fad0, 0x000002a5e7722af0,
0x000002a5e7722fc0, 0x000002a5e771f600, 0x000002a5e7720470, 0x000002a5e77212e0,
0x000002a5e7153eb0, 0x000002a5e7156060, 0x000002a5e71556c0, 0x000002a5e7151830,
0x000002a5e7151d00, 0x000002a5e7157d40, 0x000002a5e7153510, 0x000002a5e71521d0,
0x000002a5e7158bb0, 0x000002a5e7158210, 0x000002a5e71526a0, 0x000002a5e7155b90,
0x000002a5e7154380, 0x000002a5e7157870, 0x000002a5e71551f0, 0x000002a5e7156ed0,
0x000002a5e835b8c0, 0x000002a5e835bd90, 0x000002a5e835cc00, 0x000002a5e8361dd0,
0x000002a5e835d5a0, 0x000002a5e8360f60, 0x000002a5e835da70, 0x000002a5e8361430,
0x000002a5e83600f0, 0x000002a5e83622a0, 0x000002a5e835f280, 0x000002a5e83605c0,
0x000002a5e8362770, 0x000002a5e835edb0, 0x000002a5e835f750, 0x000002a5e835c730,
0x000002a5e835e8e0, 0x000002a5e8361900, 0x000002a5e835c260, 0x000002a5e835df40,
0x000002a5e8360a90, 0x000002a5e835e410, 0x000002a5e8362c40, 0x000002a5e8363110,
0x000002a5e835fc20, 0x000002a5e59553b0, 0x000002a5e5956bc0, 0x000002a5e5955d50,
0x000002a5e5957f00, 0x000002a5e5956220, 0x000002a5e5955880, 0x000002a5e5954540,
0x000002a5e5957a30, 0x000002a5e5957090, 0x000002a5e59566f0, 0x000002a5e5954a10,
0x000002a5e5954ee0, 0x000002a5e5957560, 0x000002a5ea219850, 0x000002a5ea21c870,
0x000002a5ea216830, 0x000002a5ea215e90, 0x000002a5ea21c3a0, 0x000002a5ea21bed0,
0x000002a5ea2171d0, 0x000002a5ea218040, 0x000002a5ea2154f0, 0x000002a5ea2159c0,
0x000002a5ea215020, 0x000002a5ea216360, 0x000002a5ea216d00, 0x000002a5ea2176a0,
0x000002a5ea2189e0, 0x000002a5ea217b70, 0x000002a5ea21ab90, 0x000002a5ea218510,
0x000002a5ea218eb0, 0x000002a5ea219380, 0x000002a5ea21a6c0, 0x000002a5ea21b530,
0x000002a5ea219d20, 0x000002a5ea21a1f0, 0x000002a5ea21b060, 0x000002a5ea21ba00,
0x000002a5e907c8d0, 0x000002a5e907dc10, 0x000002a5e90832b0, 0x000002a5e90815d0,
0x000002a5e9083c50, 0x000002a5e907f420, 0x000002a5e9082de0, 0x000002a5e907fdc0,
0x000002a5e9082440, 0x000002a5e9080c30, 0x000002a5e9081aa0, 0x000002a5e9080760,
0x000002a5e9081f70, 0x000002a5e9082910, 0x000002a5e907cda0, 0x000002a5e907f8f0,
0x000002a5e9080290, 0x000002a5e9083780, 0x000002a5e907d740, 0x000002a5e907ea80,
0x000002a5e9084120, 0x000002a5e87a0f90, 0x000002a5e87a14a0, 0x000002a5e907ef50,
0x000002a5f032e450, 0x000002a5f0331940, 0x000002a5ea5d3f50, 0x000002a5ea5d4420,
0x000002a5ea5d48f0, 0x000002a5ea5d5290, 0x000002a5e5993870, 0x000002a5e5992a00,
0x000002a5e5992060, 0x000002a5e5996a20
}

Java Threads: ( => current thread )
  0x000002a5c813fb50 JavaThread "main" [_thread_blocked, id=12036, stack(0x000000be55a00000,0x000000be55b00000)]
  0x000002a5e4065c10 JavaThread "Reference Handler" daemon [_thread_blocked, id=11272, stack(0x000000be56100000,0x000000be56200000)]
  0x000002a5e40679a0 JavaThread "Finalizer" daemon [_thread_blocked, id=12224, stack(0x000000be56200000,0x000000be56300000)]
  0x000002a5e4072fc0 JavaThread "Signal Dispatcher" daemon [_thread_blocked, id=13840, stack(0x000000be56300000,0x000000be56400000)]
  0x000002a5e40a8510 JavaThread "Attach Listener" daemon [_thread_blocked, id=5512, stack(0x000000be56400000,0x000000be56500000)]
  0x000002a5e40abdf0 JavaThread "Service Thread" daemon [_thread_blocked, id=11804, stack(0x000000be56500000,0x000000be56600000)]
  0x000002a5e40ac6b0 JavaThread "Monitor Deflation Thread" daemon [_thread_blocked, id=3584, stack(0x000000be56600000,0x000000be56700000)]
  0x000002a5e40adfe0 JavaThread "C2 CompilerThread0" daemon [_thread_in_native, id=13300, stack(0x000000be56700000,0x000000be56800000)]
  0x000002a5e40b92b0 JavaThread "C1 CompilerThread0" daemon [_thread_blocked, id=14292, stack(0x000000be56800000,0x000000be56900000)]
  0x000002a5e40bbbc0 JavaThread "Sweeper thread" daemon [_thread_blocked, id=12348, stack(0x000000be56900000,0x000000be56a00000)]
  0x000002a5e422f790 JavaThread "Common-Cleaner" daemon [_thread_blocked, id=10772, stack(0x000000be56a00000,0x000000be56b00000)]
  0x000002a5e423eb40 JavaThread "Notification Thread" daemon [_thread_blocked, id=11452, stack(0x000000be56b00000,0x000000be56c00000)]
  0x000002a5e7721c80 JavaThread "Daemon health stats" [_thread_blocked, id=14712, stack(0x000000be56e00000,0x000000be56f00000)]
  0x000002a5e7720940 JavaThread "Incoming local TCP Connector on port 59097" [_thread_in_native, id=796, stack(0x000000be57600000,0x000000be57700000)]
  0x000002a5e7720e10 JavaThread "Daemon periodic checks" [_thread_blocked, id=7100, stack(0x000000be57700000,0x000000be57800000)]
  0x000002a5e7722620 JavaThread "Daemon" [_thread_blocked, id=12304, stack(0x000000be57800000,0x000000be57900000)]
  0x000002a5e7722150 JavaThread "Handler for socket connection from /127.0.0.1:59097 to /127.0.0.1:59098" [_thread_in_native, id=13496, stack(0x000000be57900000,0x000000be57a00000)]
  0x000002a5e77217b0 JavaThread "Cancel handler" [_thread_blocked, id=1292, stack(0x000000be57a00000,0x000000be57b00000)]
  0x000002a5e771fad0 JavaThread "Daemon worker" [_thread_blocked, id=12428, stack(0x000000be57b00000,0x000000be57c00000)]
  0x000002a5e7722af0 JavaThread "Asynchronous log dispatcher for DefaultDaemonConnection: socket connection from /127.0.0.1:59097 to /127.0.0.1:59098" [_thread_blocked, id=14284, stack(0x000000be57c00000,0x000000be57d00000)]
  0x000002a5e7722fc0 JavaThread "Stdin handler" [_thread_blocked, id=1596, stack(0x000000be57d00000,0x000000be57e00000)]
  0x000002a5e771f600 JavaThread "Daemon client event forwarder" [_thread_blocked, id=1548, stack(0x000000be57e00000,0x000000be57f00000)]
  0x000002a5e7720470 JavaThread "Cache worker for journal cache (C:\Users\Nadir\.gradle\caches\journal-1)" [_thread_blocked, id=14612, stack(0x000000be58000000,0x000000be58100000)]
  0x000002a5e77212e0 JavaThread "File lock request listener" [_thread_in_native, id=11340, stack(0x000000be58100000,0x000000be58200000)]
  0x000002a5e7153eb0 JavaThread "Cache worker for file hash cache (C:\Users\Nadir\.gradle\caches\8.0\fileHashes)" [_thread_blocked, id=4900, stack(0x000000be58200000,0x000000be58300000)]
  0x000002a5e7156060 JavaThread "File watcher server" daemon [_thread_in_native, id=11780, stack(0x000000be58400000,0x000000be58500000)]
  0x000002a5e71556c0 JavaThread "File watcher consumer" daemon [_thread_blocked, id=6748, stack(0x000000be58500000,0x000000be58600000)]
  0x000002a5e7151830 JavaThread "Cache worker for checksums cache (C:\Users\Nadir\AndroidStudioProjects\BetterFuture\.gradle\8.0\checksums)" [_thread_blocked, id=1868, stack(0x000000be58300000,0x000000be58400000)]
  0x000002a5e7151d00 JavaThread "Cache worker for cache directory md-rule (C:\Users\Nadir\.gradle\caches\8.0\md-rule)" [_thread_blocked, id=12296, stack(0x000000be58600000,0x000000be58700000)]
  0x000002a5e7157d40 JavaThread "Cache worker for file content cache (C:\Users\Nadir\.gradle\caches\8.0\fileContent)" [_thread_blocked, id=7524, stack(0x000000be58700000,0x000000be58800000)]
  0x000002a5e7153510 JavaThread "Cache worker for file hash cache (C:\Users\Nadir\AndroidStudioProjects\BetterFuture\.gradle\8.0\fileHashes)" [_thread_blocked, id=14536, stack(0x000000be58800000,0x000000be58900000)]
  0x000002a5e71521d0 JavaThread "Cache worker for cache directory md-supplier (C:\Users\Nadir\.gradle\caches\8.0\md-supplier)" [_thread_blocked, id=11312, stack(0x000000be58900000,0x000000be58a00000)]
  0x000002a5e7158bb0 JavaThread "Cache worker for execution history cache (C:\Users\Nadir\.gradle\caches\8.0\executionHistory)" [_thread_blocked, id=12324, stack(0x000000be57f00000,0x000000be58000000)]
  0x000002a5e7158210 JavaThread "jar transforms" [_thread_blocked, id=2220, stack(0x000000be58b00000,0x000000be58c00000)]
  0x000002a5e71526a0 JavaThread "jar transforms Thread 2" [_thread_blocked, id=12960, stack(0x000000be58c00000,0x000000be58d00000)]
  0x000002a5e7155b90 JavaThread "jar transforms Thread 3" [_thread_blocked, id=2152, stack(0x000000be58d00000,0x000000be58e00000)]
  0x000002a5e7154380 JavaThread "jar transforms Thread 4" [_thread_blocked, id=11936, stack(0x000000be58e00000,0x000000be58f00000)]
  0x000002a5e7157870 JavaThread "Cache worker for dependencies-accessors (C:\Users\Nadir\AndroidStudioProjects\BetterFuture\.gradle\8.0\dependencies-accessors)" [_thread_blocked, id=8056, stack(0x000000be59000000,0x000000be59100000)]
  0x000002a5e71551f0 JavaThread "jar transforms Thread 5" [_thread_blocked, id=9820, stack(0x000000be59100000,0x000000be59200000)]
  0x000002a5e7156ed0 JavaThread "Cache worker for Build Output Cleanup Cache (C:\Users\Nadir\AndroidStudioProjects\BetterFuture\.gradle\buildOutputCleanup)" [_thread_blocked, id=14520, stack(0x000000be59200000,0x000000be59300000)]
  0x000002a5e835b8c0 JavaThread "Unconstrained build operations" [_thread_blocked, id=5852, stack(0x000000be59300000,0x000000be59400000)]
  0x000002a5e835bd90 JavaThread "Unconstrained build operations Thread 2" [_thread_blocked, id=13112, stack(0x000000be59400000,0x000000be59500000)]
  0x000002a5e835cc00 JavaThread "Unconstrained build operations Thread 3" [_thread_blocked, id=14696, stack(0x000000be59500000,0x000000be59600000)]
  0x000002a5e8361dd0 JavaThread "Unconstrained build operations Thread 4" [_thread_blocked, id=8064, stack(0x000000be59600000,0x000000be59700000)]
  0x000002a5e835d5a0 JavaThread "Unconstrained build operations Thread 5" [_thread_blocked, id=1376, stack(0x000000be59700000,0x000000be59800000)]
  0x000002a5e8360f60 JavaThread "Unconstrained build operations Thread 6" [_thread_blocked, id=5816, stack(0x000000be59800000,0x000000be59900000)]
  0x000002a5e835da70 JavaThread "Unconstrained build operations Thread 7" [_thread_blocked, id=9324, stack(0x000000be59900000,0x000000be59a00000)]
  0x000002a5e8361430 JavaThread "Unconstrained build operations Thread 8" [_thread_blocked, id=12820, stack(0x000000be59a00000,0x000000be59b00000)]
  0x000002a5e83600f0 JavaThread "Unconstrained build operations Thread 9" [_thread_blocked, id=15252, stack(0x000000be59b00000,0x000000be59c00000)]
  0x000002a5e83622a0 JavaThread "Unconstrained build operations Thread 10" [_thread_blocked, id=15352, stack(0x000000be59c00000,0x000000be59d00000)]
  0x000002a5e835f280 JavaThread "Unconstrained build operations Thread 11" [_thread_blocked, id=2268, stack(0x000000be59d00000,0x000000be59e00000)]
  0x000002a5e83605c0 JavaThread "Unconstrained build operations Thread 12" [_thread_blocked, id=12400, stack(0x000000be59e00000,0x000000be59f00000)]
  0x000002a5e8362770 JavaThread "Unconstrained build operations Thread 13" [_thread_blocked, id=14416, stack(0x000000be59f00000,0x000000be5a000000)]
  0x000002a5e835edb0 JavaThread "Unconstrained build operations Thread 14" [_thread_blocked, id=1096, stack(0x000000be5a000000,0x000000be5a100000)]
  0x000002a5e835f750 JavaThread "Unconstrained build operations Thread 15" [_thread_blocked, id=14808, stack(0x000000be5a100000,0x000000be5a200000)]
  0x000002a5e835c730 JavaThread "Unconstrained build operations Thread 16" [_thread_blocked, id=14208, stack(0x000000be5a200000,0x000000be5a300000)]
  0x000002a5e835e8e0 JavaThread "Unconstrained build operations Thread 17" [_thread_blocked, id=9040, stack(0x000000be5a300000,0x000000be5a400000)]
  0x000002a5e8361900 JavaThread "Unconstrained build operations Thread 18" [_thread_blocked, id=8616, stack(0x000000be5a400000,0x000000be5a500000)]
  0x000002a5e835c260 JavaThread "Unconstrained build operations Thread 19" [_thread_blocked, id=10464, stack(0x000000be5a500000,0x000000be5a600000)]
  0x000002a5e835df40 JavaThread "Unconstrained build operations Thread 20" [_thread_blocked, id=15164, stack(0x000000be5a600000,0x000000be5a700000)]
  0x000002a5e8360a90 JavaThread "Unconstrained build operations Thread 21" [_thread_blocked, id=6332, stack(0x000000be5a700000,0x000000be5a800000)]
  0x000002a5e835e410 JavaThread "Unconstrained build operations Thread 22" [_thread_blocked, id=10124, stack(0x000000be5a800000,0x000000be5a900000)]
  0x000002a5e8362c40 JavaThread "Unconstrained build operations Thread 23" [_thread_blocked, id=12868, stack(0x000000be5a900000,0x000000be5aa00000)]
  0x000002a5e8363110 JavaThread "Unconstrained build operations Thread 24" [_thread_blocked, id=14940, stack(0x000000be5aa00000,0x000000be5ab00000)]
  0x000002a5e835fc20 JavaThread "Unconstrained build operations Thread 25" [_thread_blocked, id=15184, stack(0x000000be5ab00000,0x000000be5ac00000)]
  0x000002a5e59553b0 JavaThread "Unconstrained build operations Thread 26" [_thread_blocked, id=5680, stack(0x000000be5ac00000,0x000000be5ad00000)]
  0x000002a5e5956bc0 JavaThread "Unconstrained build operations Thread 27" [_thread_blocked, id=7572, stack(0x000000be5ad00000,0x000000be5ae00000)]
  0x000002a5e5955d50 JavaThread "Unconstrained build operations Thread 28" [_thread_blocked, id=8728, stack(0x000000be5ae00000,0x000000be5af00000)]
  0x000002a5e5957f00 JavaThread "Unconstrained build operations Thread 29" [_thread_blocked, id=5232, stack(0x000000be5af00000,0x000000be5b000000)]
  0x000002a5e5956220 JavaThread "Unconstrained build operations Thread 30" [_thread_blocked, id=9108, stack(0x000000be5b000000,0x000000be5b100000)]
  0x000002a5e5955880 JavaThread "Unconstrained build operations Thread 31" [_thread_blocked, id=8576, stack(0x000000be5b100000,0x000000be5b200000)]
  0x000002a5e5954540 JavaThread "Unconstrained build operations Thread 32" [_thread_blocked, id=3388, stack(0x000000be5b200000,0x000000be5b300000)]
  0x000002a5e5957a30 JavaThread "Unconstrained build operations Thread 33" [_thread_blocked, id=9460, stack(0x000000be5b300000,0x000000be5b400000)]
  0x000002a5e5957090 JavaThread "Unconstrained build operations Thread 34" [_thread_blocked, id=8588, stack(0x000000be5b400000,0x000000be5b500000)]
  0x000002a5e59566f0 JavaThread "Unconstrained build operations Thread 35" [_thread_blocked, id=8732, stack(0x000000be5b500000,0x000000be5b600000)]
  0x000002a5e5954a10 JavaThread "Unconstrained build operations Thread 36" [_thread_blocked, id=1468, stack(0x000000be5b600000,0x000000be5b700000)]
  0x000002a5e5954ee0 JavaThread "Unconstrained build operations Thread 37" [_thread_blocked, id=6572, stack(0x000000be5b700000,0x000000be5b800000)]
  0x000002a5e5957560 JavaThread "Unconstrained build operations Thread 38" [_thread_blocked, id=11372, stack(0x000000be5b800000,0x000000be5b900000)]
  0x000002a5ea219850 JavaThread "Unconstrained build operations Thread 39" [_thread_blocked, id=11396, stack(0x000000be5b900000,0x000000be5ba00000)]
  0x000002a5ea21c870 JavaThread "Unconstrained build operations Thread 40" [_thread_blocked, id=7404, stack(0x000000be5ba00000,0x000000be5bb00000)]
  0x000002a5ea216830 JavaThread "Unconstrained build operations Thread 41" [_thread_in_Java, id=13520, stack(0x000000be5bb00000,0x000000be5bc00000)]
  0x000002a5ea215e90 JavaThread "Unconstrained build operations Thread 42" [_thread_blocked, id=2108, stack(0x000000be5bc00000,0x000000be5bd00000)]
  0x000002a5ea21c3a0 JavaThread "Unconstrained build operations Thread 43" [_thread_blocked, id=9904, stack(0x000000be5bd00000,0x000000be5be00000)]
  0x000002a5ea21bed0 JavaThread "Unconstrained build operations Thread 44" [_thread_blocked, id=6812, stack(0x000000be5be00000,0x000000be5bf00000)]
  0x000002a5ea2171d0 JavaThread "Unconstrained build operations Thread 45" [_thread_blocked, id=8644, stack(0x000000be5bf00000,0x000000be5c000000)]
  0x000002a5ea218040 JavaThread "Unconstrained build operations Thread 46" [_thread_blocked, id=7932, stack(0x000000be5c000000,0x000000be5c100000)]
  0x000002a5ea2154f0 JavaThread "Unconstrained build operations Thread 47" [_thread_blocked, id=13664, stack(0x000000be5c100000,0x000000be5c200000)]
  0x000002a5ea2159c0 JavaThread "Unconstrained build operations Thread 48" [_thread_blocked, id=6228, stack(0x000000be5c200000,0x000000be5c300000)]
  0x000002a5ea215020 JavaThread "Unconstrained build operations Thread 49" [_thread_blocked, id=12252, stack(0x000000be5c300000,0x000000be5c400000)]
  0x000002a5ea216360 JavaThread "Unconstrained build operations Thread 50" [_thread_blocked, id=876, stack(0x000000be5c400000,0x000000be5c500000)]
  0x000002a5ea216d00 JavaThread "Unconstrained build operations Thread 51" [_thread_blocked, id=13616, stack(0x000000be5c500000,0x000000be5c600000)]
  0x000002a5ea2176a0 JavaThread "Unconstrained build operations Thread 52" [_thread_blocked, id=14344, stack(0x000000be5c600000,0x000000be5c700000)]
  0x000002a5ea2189e0 JavaThread "Unconstrained build operations Thread 53" [_thread_blocked, id=14076, stack(0x000000be5c700000,0x000000be5c800000)]
  0x000002a5ea217b70 JavaThread "Unconstrained build operations Thread 54" [_thread_blocked, id=9400, stack(0x000000be5c800000,0x000000be5c900000)]
  0x000002a5ea21ab90 JavaThread "Unconstrained build operations Thread 55" [_thread_blocked, id=2380, stack(0x000000be5c900000,0x000000be5ca00000)]
  0x000002a5ea218510 JavaThread "Unconstrained build operations Thread 56" [_thread_blocked, id=7644, stack(0x000000be5ca00000,0x000000be5cb00000)]
  0x000002a5ea218eb0 JavaThread "Unconstrained build operations Thread 57" [_thread_blocked, id=8600, stack(0x000000be5cb00000,0x000000be5cc00000)]
  0x000002a5ea219380 JavaThread "Unconstrained build operations Thread 58" [_thread_blocked, id=10704, stack(0x000000be5cc00000,0x000000be5cd00000)]
  0x000002a5ea21a6c0 JavaThread "Unconstrained build operations Thread 59" [_thread_blocked, id=11860, stack(0x000000be5cd00000,0x000000be5ce00000)]
  0x000002a5ea21b530 JavaThread "Unconstrained build operations Thread 60" [_thread_blocked, id=14192, stack(0x000000be5ce00000,0x000000be5cf00000)]
  0x000002a5ea219d20 JavaThread "Unconstrained build operations Thread 61" [_thread_blocked, id=8632, stack(0x000000be5cf00000,0x000000be5d000000)]
  0x000002a5ea21a1f0 JavaThread "Unconstrained build operations Thread 62" [_thread_blocked, id=2616, stack(0x000000be5d000000,0x000000be5d100000)]
  0x000002a5ea21b060 JavaThread "Unconstrained build operations Thread 63" [_thread_in_Java, id=15268, stack(0x000000be5d100000,0x000000be5d200000)]
  0x000002a5ea21ba00 JavaThread "Unconstrained build operations Thread 64" [_thread_blocked, id=10020, stack(0x000000be5d200000,0x000000be5d300000)]
  0x000002a5e907c8d0 JavaThread "Unconstrained build operations Thread 65" [_thread_blocked, id=15300, stack(0x000000be5d300000,0x000000be5d400000)]
  0x000002a5e907dc10 JavaThread "Unconstrained build operations Thread 66" [_thread_blocked, id=3520, stack(0x000000be5d400000,0x000000be5d500000)]
  0x000002a5e90832b0 JavaThread "Unconstrained build operations Thread 67" [_thread_blocked, id=13476, stack(0x000000be5d500000,0x000000be5d600000)]
  0x000002a5e90815d0 JavaThread "Unconstrained build operations Thread 68" [_thread_blocked, id=12308, stack(0x000000be5d600000,0x000000be5d700000)]
  0x000002a5e9083c50 JavaThread "Unconstrained build operations Thread 69" [_thread_blocked, id=7064, stack(0x000000be5d700000,0x000000be5d800000)]
  0x000002a5e907f420 JavaThread "Unconstrained build operations Thread 70" [_thread_blocked, id=14600, stack(0x000000be5d800000,0x000000be5d900000)]
  0x000002a5e9082de0 JavaThread "Unconstrained build operations Thread 71" [_thread_blocked, id=4212, stack(0x000000be5d900000,0x000000be5da00000)]
  0x000002a5e907fdc0 JavaThread "Unconstrained build operations Thread 72" [_thread_blocked, id=10596, stack(0x000000be5da00000,0x000000be5db00000)]
  0x000002a5e9082440 JavaThread "Unconstrained build operations Thread 73" [_thread_blocked, id=13696, stack(0x000000be5db00000,0x000000be5dc00000)]
  0x000002a5e9080c30 JavaThread "Unconstrained build operations Thread 74" [_thread_blocked, id=8764, stack(0x000000be5dc00000,0x000000be5dd00000)]
  0x000002a5e9081aa0 JavaThread "Unconstrained build operations Thread 75" [_thread_blocked, id=4848, stack(0x000000be5dd00000,0x000000be5de00000)]
  0x000002a5e9080760 JavaThread "Unconstrained build operations Thread 76" [_thread_blocked, id=12936, stack(0x000000be5de00000,0x000000be5df00000)]
  0x000002a5e9081f70 JavaThread "Unconstrained build operations Thread 77" [_thread_blocked, id=13880, stack(0x000000be5df00000,0x000000be5e000000)]
  0x000002a5e9082910 JavaThread "Unconstrained build operations Thread 78" [_thread_blocked, id=14128, stack(0x000000be5e000000,0x000000be5e100000)]
  0x000002a5e907cda0 JavaThread "Unconstrained build operations Thread 79" [_thread_blocked, id=13256, stack(0x000000be5e100000,0x000000be5e200000)]
  0x000002a5e907f8f0 JavaThread "Unconstrained build operations Thread 80" [_thread_blocked, id=8636, stack(0x000000be5e200000,0x000000be5e300000)]
  0x000002a5e9080290 JavaThread "jar transforms Thread 6" [_thread_blocked, id=7848, stack(0x000000be5e300000,0x000000be5e400000)]
  0x000002a5e9083780 JavaThread "jar transforms Thread 7" [_thread_blocked, id=13080, stack(0x000000be5e400000,0x000000be5e500000)]
  0x000002a5e907d740 JavaThread "jar transforms Thread 8" [_thread_blocked, id=10332, stack(0x000000be5e500000,0x000000be5e600000)]
  0x000002a5e907ea80 JavaThread "build event listener" [_thread_blocked, id=13500, stack(0x000000be58f00000,0x000000be59000000)]
  0x000002a5e9084120 JavaThread "Memory manager" [_thread_blocked, id=10096, stack(0x000000be5e700000,0x000000be5e800000)]
=>0x000002a5e87a0f90 JavaThread "C2 CompilerThread1" daemon [_thread_in_native, id=14608, stack(0x000000be58a00000,0x000000be58b00000)]
  0x000002a5e87a14a0 JavaThread "C2 CompilerThread2" daemon [_thread_in_native, id=5080, stack(0x000000be5e600000,0x000000be5e700000)]
  0x000002a5e907ef50 JavaThread "pool-3-thread-1" [_thread_blocked, id=1864, stack(0x000000be5e800000,0x000000be5e900000)]
  0x000002a5f032e450 JavaThread "build event listener" [_thread_blocked, id=1048, stack(0x000000be5e900000,0x000000be5ea00000)]
  0x000002a5f0331940 JavaThread "included builds" [_thread_blocked, id=14680, stack(0x000000be5ea00000,0x000000be5eb00000)]
  0x000002a5ea5d3f50 JavaThread "Execution worker" [_thread_blocked, id=12320, stack(0x000000be5eb00000,0x000000be5ec00000)]
  0x000002a5ea5d4420 JavaThread "Execution worker Thread 2" [_thread_blocked, id=6692, stack(0x000000be5ec00000,0x000000be5ed00000)]
  0x000002a5ea5d48f0 JavaThread "Execution worker Thread 3" [_thread_blocked, id=3256, stack(0x000000be5ed00000,0x000000be5ee00000)]
  0x000002a5ea5d5290 JavaThread "Execution worker Thread 4" [_thread_blocked, id=9584, stack(0x000000be5ee00000,0x000000be5ef00000)]
  0x000002a5e5993870 JavaThread "Execution worker Thread 5" [_thread_blocked, id=12048, stack(0x000000be5ef00000,0x000000be5f000000)]
  0x000002a5e5992a00 JavaThread "Execution worker Thread 6" [_thread_in_Java, id=10120, stack(0x000000be5f000000,0x000000be5f100000)] _threads_hazard_ptr=0x000002a5eeb467f0
  0x000002a5e5992060 JavaThread "Execution worker Thread 7" [_thread_blocked, id=5984, stack(0x000000be5f100000,0x000000be5f200000)]
  0x000002a5e5996a20 JavaThread "Cache worker for execution history cache (C:\Users\Nadir\AndroidStudioProjects\BetterFuture\.gradle\8.0\executionHistory)" [_thread_blocked, id=5184, stack(0x000000be5f200000,0x000000be5f300000)]

Other Threads:
  0x000002a5e3f8e950 VMThread "VM Thread" [stack: 0x000000be56000000,0x000000be56100000] [id=15288]
  0x000002a5c81baac0 WatcherThread [stack: 0x000000be56c00000,0x000000be56d00000] [id=8412]
  0x000002a5c819e9a0 GCTaskThread "GC Thread#0" [stack: 0x000000be55b00000,0x000000be55c00000] [id=12980]
  0x000002a5e4e69100 GCTaskThread "GC Thread#1" [stack: 0x000000be56f00000,0x000000be57000000] [id=12332]
  0x000002a5e4dd81e0 GCTaskThread "GC Thread#2" [stack: 0x000000be57000000,0x000000be57100000] [id=11544]
  0x000002a5e4dd8490 GCTaskThread "GC Thread#3" [stack: 0x000000be57100000,0x000000be57200000] [id=10732]
  0x000002a5e54e0720 GCTaskThread "GC Thread#4" [stack: 0x000000be57200000,0x000000be57300000] [id=12148]
  0x000002a5e4e36da0 GCTaskThread "GC Thread#5" [stack: 0x000000be57300000,0x000000be57400000] [id=14844]
  0x000002a5e5a03d00 GCTaskThread "GC Thread#6" [stack: 0x000000be57400000,0x000000be57500000] [id=4368]
  0x000002a5e552e140 GCTaskThread "GC Thread#7" [stack: 0x000000be57500000,0x000000be57600000] [id=7868]
  0x000002a5c81af7f0 ConcurrentGCThread "G1 Main Marker" [stack: 0x000000be55c00000,0x000000be55d00000] [id=15020]
  0x000002a5c81b08b0 ConcurrentGCThread "G1 Conc#0" [stack: 0x000000be55d00000,0x000000be55e00000] [id=9448]
  0x000002a5e7105860 ConcurrentGCThread "G1 Conc#1" [stack: 0x000000be56d00000,0x000000be56e00000] [id=11460]
  0x000002a5c820e620 ConcurrentGCThread "G1 Refine#0" [stack: 0x000000be55e00000,0x000000be55f00000] [id=14184]
  0x000002a5e3ebd670 ConcurrentGCThread "G1 Service" [stack: 0x000000be55f00000,0x000000be56000000] [id=2912]

Threads with active compile tasks:
C2 CompilerThread0    26433 10859       4       org.gradle.internal.snapshot.VfsRelativePath::compareToFirstSegment (203 bytes)
C1 CompilerThread0    26433 10905   !   3       java.util.Collections$SynchronizedMap::get (25 bytes)
C2 CompilerThread1    26433 10651   !   4       java.nio.file.FileTreeWalker::next (144 bytes)
C2 CompilerThread2    26433 10789       4       org.gradle.internal.snapshot.SearchUtil::binarySearch (160 bytes)

VM state: not at safepoint (normal execution)

VM Mutex/Monitor currently owned by a thread: None

Heap address: 0x0000000080000000, size: 2048 MB, Compressed Oops mode: 32-bit

CDS archive(s) not mapped
Compressed class space mapped at: 0x0000000100000000-0x0000000140000000, reserved size: 1073741824
Narrow klass base: 0x0000000000000000, Narrow klass shift: 3, Narrow klass range: 0x140000000

GC Precious Log:
 CPUs: 8 total, 8 available
 Memory: 32718M
 Large Page Support: Disabled
 NUMA Support: Disabled
 Compressed Oops: Enabled (32-bit)
 Heap Region Size: 1M
 Heap Min Capacity: 8M
 Heap Initial Capacity: 512M
 Heap Max Capacity: 2G
 Pre-touch: Disabled
 Parallel Workers: 8
 Concurrent Workers: 2
 Concurrent Refinement Workers: 8
 Periodic GC: Disabled

Heap:
 garbage-first heap   total 194560K, used 123506K [0x0000000080000000, 0x0000000100000000)
  region size 1024K, 35 young (35840K), 9 survivors (9216K)
 Metaspace       used 92510K, committed 93120K, reserved 1130496K
  class space    used 12477K, committed 12736K, reserved 1048576K

Heap Regions: E=young(eden), S=young(survivor), O=old, HS=humongous(starts), HC=humongous(continues), CS=collection set, F=free, OA=open archive, CA=closed archive, TAMS=top-at-mark-start (previous, next)
|   0|0x0000000080000000, 0x0000000080100000, 0x0000000080100000|100%|HS|  |TAMS 0x0000000080100000, 0x0000000080000000| Complete 
|   1|0x0000000080100000, 0x0000000080200000, 0x0000000080200000|100%|HC|  |TAMS 0x0000000080200000, 0x0000000080100000| Complete 
|   2|0x0000000080200000, 0x0000000080300000, 0x0000000080300000|100%|HC|  |TAMS 0x0000000080300000, 0x0000000080200000| Complete 
|   3|0x0000000080300000, 0x0000000080400000, 0x0000000080400000|100%|HC|  |TAMS 0x0000000080400000, 0x0000000080300000| Complete 
|   4|0x0000000080400000, 0x0000000080500000, 0x0000000080500000|100%| O|  |TAMS 0x0000000080500000, 0x0000000080400000| Untracked 
|   5|0x0000000080500000, 0x0000000080600000, 0x0000000080600000|100%| O|  |TAMS 0x0000000080600000, 0x0000000080500000| Untracked 
|   6|0x0000000080600000, 0x0000000080700000, 0x0000000080700000|100%| O|  |TAMS 0x0000000080700000, 0x0000000080600000| Untracked 
|   7|0x0000000080700000, 0x0000000080800000, 0x0000000080800000|100%| O|  |TAMS 0x0000000080800000, 0x0000000080700000| Untracked 
|   8|0x0000000080800000, 0x0000000080900000, 0x0000000080900000|100%| O|  |TAMS 0x0000000080900000, 0x0000000080800000| Untracked 
|   9|0x0000000080900000, 0x0000000080a00000, 0x0000000080a00000|100%| O|  |TAMS 0x0000000080a00000, 0x0000000080900000| Untracked 
|  10|0x0000000080a00000, 0x0000000080b00000, 0x0000000080b00000|100%| O|  |TAMS 0x0000000080b00000, 0x0000000080a00000| Untracked 
|  11|0x0000000080b00000, 0x0000000080c00000, 0x0000000080c00000|100%| O|  |TAMS 0x0000000080c00000, 0x0000000080b00000| Untracked 
|  12|0x0000000080c00000, 0x0000000080d00000, 0x0000000080d00000|100%| O|  |TAMS 0x0000000080d00000, 0x0000000080c00000| Untracked 
|  13|0x0000000080d00000, 0x0000000080e00000, 0x0000000080e00000|100%| O|  |TAMS 0x0000000080e00000, 0x0000000080d00000| Untracked 
|  14|0x0000000080e00000, 0x0000000080f00000, 0x0000000080f00000|100%| O|  |TAMS 0x0000000080f00000, 0x0000000080e00000| Untracked 
|  15|0x0000000080f00000, 0x0000000081000000, 0x0000000081000000|100%| O|  |TAMS 0x0000000081000000, 0x0000000080f00000| Untracked 
|  16|0x0000000081000000, 0x0000000081100000, 0x0000000081100000|100%| O|  |TAMS 0x0000000081100000, 0x0000000081000000| Untracked 
|  17|0x0000000081100000, 0x0000000081200000, 0x0000000081200000|100%| O|  |TAMS 0x0000000081200000, 0x0000000081100000| Untracked 
|  18|0x0000000081200000, 0x0000000081300000, 0x0000000081300000|100%| O|  |TAMS 0x0000000081300000, 0x0000000081200000| Untracked 
|  19|0x0000000081300000, 0x0000000081400000, 0x0000000081400000|100%| O|  |TAMS 0x0000000081400000, 0x0000000081300000| Untracked 
|  20|0x0000000081400000, 0x0000000081500000, 0x0000000081500000|100%| O|  |TAMS 0x0000000081400000, 0x0000000081400000| Untracked 
|  21|0x0000000081500000, 0x0000000081600000, 0x0000000081600000|100%| O|  |TAMS 0x0000000081600000, 0x0000000081500000| Untracked 
|  22|0x0000000081600000, 0x0000000081700000, 0x0000000081700000|100%| O|  |TAMS 0x0000000081600000, 0x0000000081600000| Untracked 
|  23|0x0000000081700000, 0x0000000081800000, 0x0000000081800000|100%| O|  |TAMS 0x0000000081800000, 0x0000000081700000| Untracked 
|  24|0x0000000081800000, 0x0000000081900000, 0x0000000081900000|100%| O|  |TAMS 0x0000000081900000, 0x0000000081800000| Untracked 
|  25|0x0000000081900000, 0x0000000081a00000, 0x0000000081a00000|100%| O|  |TAMS 0x0000000081a00000, 0x0000000081900000| Untracked 
|  26|0x0000000081a00000, 0x0000000081b00000, 0x0000000081b00000|100%| O|  |TAMS 0x0000000081b00000, 0x0000000081a00000| Untracked 
|  27|0x0000000081b00000, 0x0000000081c00000, 0x0000000081c00000|100%| O|  |TAMS 0x0000000081b87800, 0x0000000081b00000| Untracked 
|  28|0x0000000081c00000, 0x0000000081d00000, 0x0000000081d00000|100%| O|  |TAMS 0x0000000081c00000, 0x0000000081c00000| Untracked 
|  29|0x0000000081d00000, 0x0000000081e00000, 0x0000000081e00000|100%| O|  |TAMS 0x0000000081d00000, 0x0000000081d00000| Untracked 
|  30|0x0000000081e00000, 0x0000000081f00000, 0x0000000081f00000|100%| O|  |TAMS 0x0000000081e00000, 0x0000000081e00000| Untracked 
|  31|0x0000000081f00000, 0x0000000082000000, 0x0000000082000000|100%|HS|  |TAMS 0x0000000082000000, 0x0000000081f00000| Complete 
|  32|0x0000000082000000, 0x0000000082100000, 0x0000000082100000|100%|HS|  |TAMS 0x0000000082100000, 0x0000000082000000| Complete 
|  33|0x0000000082100000, 0x0000000082200000, 0x0000000082200000|100%|HS|  |TAMS 0x0000000082200000, 0x0000000082100000| Complete 
|  34|0x0000000082200000, 0x0000000082300000, 0x0000000082300000|100%|HS|  |TAMS 0x0000000082300000, 0x0000000082200000| Complete 
|  35|0x0000000082300000, 0x0000000082400000, 0x0000000082400000|100%|HS|  |TAMS 0x0000000082400000, 0x0000000082300000| Complete 
|  36|0x0000000082400000, 0x0000000082500000, 0x0000000082500000|100%|HC|  |TAMS 0x0000000082500000, 0x0000000082400000| Complete 
|  37|0x0000000082500000, 0x0000000082600000, 0x0000000082600000|100%|HC|  |TAMS 0x0000000082600000, 0x0000000082500000| Complete 
|  38|0x0000000082600000, 0x0000000082700000, 0x0000000082700000|100%|HC|  |TAMS 0x0000000082700000, 0x0000000082600000| Complete 
|  39|0x0000000082700000, 0x0000000082800000, 0x0000000082800000|100%| O|  |TAMS 0x0000000082700000, 0x0000000082700000| Untracked 
|  40|0x0000000082800000, 0x0000000082900000, 0x0000000082900000|100%| O|  |TAMS 0x0000000082800000, 0x0000000082800000| Untracked 
|  41|0x0000000082900000, 0x0000000082a00000, 0x0000000082a00000|100%| O|  |TAMS 0x0000000082900000, 0x0000000082900000| Untracked 
|  42|0x0000000082a00000, 0x0000000082b00000, 0x0000000082b00000|100%| O|  |TAMS 0x0000000082a00000, 0x0000000082a00000| Untracked 
|  43|0x0000000082b00000, 0x0000000082c00000, 0x0000000082c00000|100%| O|  |TAMS 0x0000000082b00000, 0x0000000082b00000| Untracked 
|  44|0x0000000082c00000, 0x0000000082d00000, 0x0000000082d00000|100%| O|  |TAMS 0x0000000082c00000, 0x0000000082c00000| Untracked 
|  45|0x0000000082d00000, 0x0000000082e00000, 0x0000000082e00000|100%| O|  |TAMS 0x0000000082d00000, 0x0000000082d00000| Untracked 
|  46|0x0000000082e00000, 0x0000000082f00000, 0x0000000082f00000|100%| O|  |TAMS 0x0000000082e00000, 0x0000000082e00000| Untracked 
|  47|0x0000000082f00000, 0x0000000083000000, 0x0000000083000000|100%| O|  |TAMS 0x0000000082f00000, 0x0000000082f00000| Untracked 
|  48|0x0000000083000000, 0x0000000083100000, 0x0000000083100000|100%| O|  |TAMS 0x0000000083000000, 0x0000000083000000| Untracked 
|  49|0x0000000083100000, 0x0000000083200000, 0x0000000083200000|100%| O|  |TAMS 0x0000000083100000, 0x0000000083100000| Untracked 
|  50|0x0000000083200000, 0x0000000083300000, 0x0000000083300000|100%| O|  |TAMS 0x0000000083200000, 0x0000000083200000| Untracked 
|  51|0x0000000083300000, 0x00000000833de800, 0x0000000083400000| 86%| O|  |TAMS 0x0000000083300000, 0x0000000083300000| Untracked 
|  52|0x0000000083400000, 0x0000000083500000, 0x0000000083500000|100%| O|  |TAMS 0x0000000083400000, 0x0000000083400000| Untracked 
|  53|0x0000000083500000, 0x0000000083600000, 0x0000000083600000|100%| O|  |TAMS 0x0000000083500000, 0x0000000083500000| Untracked 
|  54|0x0000000083600000, 0x0000000083700000, 0x0000000083700000|100%| O|  |TAMS 0x0000000083600000, 0x0000000083600000| Untracked 
|  55|0x0000000083700000, 0x0000000083800000, 0x0000000083800000|100%| O|  |TAMS 0x0000000083700000, 0x0000000083700000| Untracked 
|  56|0x0000000083800000, 0x0000000083900000, 0x0000000083900000|100%| O|  |TAMS 0x0000000083800000, 0x0000000083800000| Untracked 
|  57|0x0000000083900000, 0x0000000083a00000, 0x0000000083a00000|100%| O|  |TAMS 0x0000000083900000, 0x0000000083900000| Untracked 
|  58|0x0000000083a00000, 0x0000000083b00000, 0x0000000083b00000|100%| O|  |TAMS 0x0000000083a00000, 0x0000000083a00000| Untracked 
|  59|0x0000000083b00000, 0x0000000083c00000, 0x0000000083c00000|100%| O|  |TAMS 0x0000000083b00000, 0x0000000083b00000| Untracked 
|  60|0x0000000083c00000, 0x0000000083d00000, 0x0000000083d00000|100%| O|  |TAMS 0x0000000083c00000, 0x0000000083c00000| Untracked 
|  61|0x0000000083d00000, 0x0000000083e00000, 0x0000000083e00000|100%| O|  |TAMS 0x0000000083d00000, 0x0000000083d00000| Untracked 
|  62|0x0000000083e00000, 0x0000000083f00000, 0x0000000083f00000|100%| O|  |TAMS 0x0000000083e00000, 0x0000000083e00000| Untracked 
|  63|0x0000000083f00000, 0x0000000084000000, 0x0000000084000000|100%| O|  |TAMS 0x0000000083f00000, 0x0000000083f00000| Untracked 
|  64|0x0000000084000000, 0x0000000084100000, 0x0000000084100000|100%| O|  |TAMS 0x0000000084000000, 0x0000000084000000| Untracked 
|  65|0x0000000084100000, 0x0000000084200000, 0x0000000084200000|100%| O|  |TAMS 0x0000000084100000, 0x0000000084100000| Untracked 
|  66|0x0000000084200000, 0x0000000084300000, 0x0000000084300000|100%| O|  |TAMS 0x0000000084200000, 0x0000000084200000| Untracked 
|  67|0x0000000084300000, 0x0000000084400000, 0x0000000084400000|100%| O|  |TAMS 0x0000000084300000, 0x0000000084300000| Untracked 
|  68|0x0000000084400000, 0x0000000084500000, 0x0000000084500000|100%| O|  |TAMS 0x0000000084400000, 0x0000000084400000| Untracked 
|  69|0x0000000084500000, 0x0000000084600000, 0x0000000084600000|100%| O|  |TAMS 0x0000000084500000, 0x0000000084500000| Untracked 
|  70|0x0000000084600000, 0x0000000084700000, 0x0000000084700000|100%| O|  |TAMS 0x0000000084600000, 0x0000000084600000| Untracked 
|  71|0x0000000084700000, 0x0000000084800000, 0x0000000084800000|100%| O|  |TAMS 0x0000000084700000, 0x0000000084700000| Untracked 
|  72|0x0000000084800000, 0x0000000084900000, 0x0000000084900000|100%| O|  |TAMS 0x0000000084800000, 0x0000000084800000| Untracked 
|  73|0x0000000084900000, 0x0000000084a00000, 0x0000000084a00000|100%| O|  |TAMS 0x0000000084900000, 0x0000000084900000| Untracked 
|  74|0x0000000084a00000, 0x0000000084b00000, 0x0000000084b00000|100%| O|  |TAMS 0x0000000084a00000, 0x0000000084a00000| Untracked 
|  75|0x0000000084b00000, 0x0000000084c00000, 0x0000000084c00000|100%| O|  |TAMS 0x0000000084b00000, 0x0000000084b00000| Untracked 
|  76|0x0000000084c00000, 0x0000000084d00000, 0x0000000084d00000|100%| O|  |TAMS 0x0000000084c00000, 0x0000000084c00000| Untracked 
|  77|0x0000000084d00000, 0x0000000084e00000, 0x0000000084e00000|100%| O|  |TAMS 0x0000000084d00000, 0x0000000084d00000| Untracked 
|  78|0x0000000084e00000, 0x0000000084f00000, 0x0000000084f00000|100%| O|  |TAMS 0x0000000084e00000, 0x0000000084e00000| Untracked 
|  79|0x0000000084f00000, 0x0000000085000000, 0x0000000085000000|100%| O|  |TAMS 0x0000000084f00000, 0x0000000084f00000| Untracked 
|  80|0x0000000085000000, 0x0000000085100000, 0x0000000085100000|100%| O|  |TAMS 0x0000000085000000, 0x0000000085000000| Untracked 
|  81|0x0000000085100000, 0x0000000085200000, 0x0000000085200000|100%| O|  |TAMS 0x0000000085100000, 0x0000000085100000| Untracked 
|  82|0x0000000085200000, 0x0000000085300000, 0x0000000085300000|100%| O|  |TAMS 0x0000000085200000, 0x0000000085200000| Untracked 
|  83|0x0000000085300000, 0x0000000085400000, 0x0000000085400000|100%| O|  |TAMS 0x0000000085300000, 0x0000000085300000| Untracked 
|  84|0x0000000085400000, 0x0000000085500000, 0x0000000085500000|100%| O|  |TAMS 0x0000000085400000, 0x0000000085400000| Untracked 
|  85|0x0000000085500000, 0x0000000085600000, 0x0000000085600000|100%| O|  |TAMS 0x0000000085500000, 0x0000000085500000| Untracked 
|  86|0x0000000085600000, 0x0000000085700000, 0x0000000085700000|100%| O|  |TAMS 0x0000000085600000, 0x0000000085600000| Untracked 
|  87|0x0000000085700000, 0x0000000085800000, 0x0000000085800000|100%| O|  |TAMS 0x0000000085700000, 0x0000000085700000| Untracked 
|  88|0x0000000085800000, 0x0000000085875400, 0x0000000085900000| 45%| O|  |TAMS 0x0000000085800000, 0x0000000085800000| Untracked 
|  89|0x0000000085900000, 0x0000000085900000, 0x0000000085a00000|  0%| F|  |TAMS 0x0000000085900000, 0x0000000085900000| Untracked 
|  90|0x0000000085a00000, 0x0000000085a00000, 0x0000000085b00000|  0%| F|  |TAMS 0x0000000085a00000, 0x0000000085a00000| Untracked 
|  91|0x0000000085b00000, 0x0000000085b00000, 0x0000000085c00000|  0%| F|  |TAMS 0x0000000085b00000, 0x0000000085b00000| Untracked 
|  92|0x0000000085c00000, 0x0000000085c00000, 0x0000000085d00000|  0%| F|  |TAMS 0x0000000085c00000, 0x0000000085c00000| Untracked 
|  93|0x0000000085d00000, 0x0000000085d00000, 0x0000000085e00000|  0%| F|  |TAMS 0x0000000085d00000, 0x0000000085d00000| Untracked 
|  94|0x0000000085e00000, 0x0000000085e00000, 0x0000000085f00000|  0%| F|  |TAMS 0x0000000085e00000, 0x0000000085e00000| Untracked 
|  95|0x0000000085f00000, 0x0000000085f00000, 0x0000000086000000|  0%| F|  |TAMS 0x0000000085f00000, 0x0000000085f00000| Untracked 
|  96|0x0000000086000000, 0x0000000086000000, 0x0000000086100000|  0%| F|  |TAMS 0x0000000086000000, 0x0000000086000000| Untracked 
|  97|0x0000000086100000, 0x0000000086100000, 0x0000000086200000|  0%| F|  |TAMS 0x0000000086100000, 0x0000000086100000| Untracked 
|  98|0x0000000086200000, 0x0000000086200000, 0x0000000086300000|  0%| F|  |TAMS 0x0000000086200000, 0x0000000086200000| Untracked 
|  99|0x0000000086300000, 0x0000000086300000, 0x0000000086400000|  0%| F|  |TAMS 0x0000000086300000, 0x0000000086300000| Untracked 
| 100|0x0000000086400000, 0x0000000086400000, 0x0000000086500000|  0%| F|  |TAMS 0x0000000086400000, 0x0000000086400000| Untracked 
| 101|0x0000000086500000, 0x0000000086500000, 0x0000000086600000|  0%| F|  |TAMS 0x0000000086500000, 0x0000000086500000| Untracked 
| 102|0x0000000086600000, 0x0000000086600000, 0x0000000086700000|  0%| F|  |TAMS 0x0000000086600000, 0x0000000086600000| Untracked 
| 103|0x0000000086700000, 0x0000000086700000, 0x0000000086800000|  0%| F|  |TAMS 0x0000000086700000, 0x0000000086700000| Untracked 
| 104|0x0000000086800000, 0x0000000086800000, 0x0000000086900000|  0%| F|  |TAMS 0x0000000086800000, 0x0000000086800000| Untracked 
| 105|0x0000000086900000, 0x0000000086900000, 0x0000000086a00000|  0%| F|  |TAMS 0x0000000086900000, 0x0000000086900000| Untracked 
| 106|0x0000000086a00000, 0x0000000086a00000, 0x0000000086b00000|  0%| F|  |TAMS 0x0000000086a00000, 0x0000000086a00000| Untracked 
| 107|0x0000000086b00000, 0x0000000086b00000, 0x0000000086c00000|  0%| F|  |TAMS 0x0000000086b00000, 0x0000000086b00000| Untracked 
| 108|0x0000000086c00000, 0x0000000086c00000, 0x0000000086d00000|  0%| F|  |TAMS 0x0000000086c00000, 0x0000000086c00000| Untracked 
| 109|0x0000000086d00000, 0x0000000086d00000, 0x0000000086e00000|  0%| F|  |TAMS 0x0000000086d00000, 0x0000000086d00000| Untracked 
| 110|0x0000000086e00000, 0x0000000086e00000, 0x0000000086f00000|  0%| F|  |TAMS 0x0000000086e00000, 0x0000000086e00000| Untracked 
| 111|0x0000000086f00000, 0x0000000086f00000, 0x0000000087000000|  0%| F|  |TAMS 0x0000000086f00000, 0x0000000086f00000| Untracked 
| 112|0x0000000087000000, 0x0000000087000000, 0x0000000087100000|  0%| F|  |TAMS 0x0000000087000000, 0x0000000087000000| Untracked 
| 113|0x0000000087100000, 0x0000000087100000, 0x0000000087200000|  0%| F|  |TAMS 0x0000000087100000, 0x0000000087100000| Untracked 
| 114|0x0000000087200000, 0x0000000087200000, 0x0000000087300000|  0%| F|  |TAMS 0x0000000087200000, 0x0000000087200000| Untracked 
| 115|0x0000000087300000, 0x0000000087300000, 0x0000000087400000|  0%| F|  |TAMS 0x0000000087300000, 0x0000000087300000| Untracked 
| 116|0x0000000087400000, 0x0000000087400000, 0x0000000087500000|  0%| F|  |TAMS 0x0000000087400000, 0x0000000087400000| Untracked 
| 117|0x0000000087500000, 0x0000000087500000, 0x0000000087600000|  0%| F|  |TAMS 0x0000000087500000, 0x0000000087500000| Untracked 
| 118|0x0000000087600000, 0x0000000087600000, 0x0000000087700000|  0%| F|  |TAMS 0x0000000087600000, 0x0000000087600000| Untracked 
| 119|0x0000000087700000, 0x0000000087700000, 0x0000000087800000|  0%| F|  |TAMS 0x0000000087700000, 0x0000000087700000| Untracked 
| 120|0x0000000087800000, 0x0000000087848fd0, 0x0000000087900000| 28%| S|CS|TAMS 0x0000000087800000, 0x0000000087800000| Complete 
| 121|0x0000000087900000, 0x0000000087a00000, 0x0000000087a00000|100%| S|CS|TAMS 0x0000000087900000, 0x0000000087900000| Complete 
| 122|0x0000000087a00000, 0x0000000087b00000, 0x0000000087b00000|100%| S|CS|TAMS 0x0000000087a00000, 0x0000000087a00000| Complete 
| 123|0x0000000087b00000, 0x0000000087c00000, 0x0000000087c00000|100%| S|CS|TAMS 0x0000000087b00000, 0x0000000087b00000| Complete 
| 124|0x0000000087c00000, 0x0000000087d00000, 0x0000000087d00000|100%| S|CS|TAMS 0x0000000087c00000, 0x0000000087c00000| Complete 
| 125|0x0000000087d00000, 0x0000000087e00000, 0x0000000087e00000|100%| S|CS|TAMS 0x0000000087d00000, 0x0000000087d00000| Complete 
| 126|0x0000000087e00000, 0x0000000087f00000, 0x0000000087f00000|100%| S|CS|TAMS 0x0000000087e00000, 0x0000000087e00000| Complete 
| 127|0x0000000087f00000, 0x0000000088000000, 0x0000000088000000|100%| S|CS|TAMS 0x0000000087f00000, 0x0000000087f00000| Complete 
| 128|0x0000000088000000, 0x0000000088100000, 0x0000000088100000|100%| S|CS|TAMS 0x0000000088000000, 0x0000000088000000| Complete 
| 129|0x0000000088100000, 0x0000000088100000, 0x0000000088200000|  0%| F|  |TAMS 0x0000000088100000, 0x0000000088100000| Untracked 
| 130|0x0000000088200000, 0x0000000088200000, 0x0000000088300000|  0%| F|  |TAMS 0x0000000088200000, 0x0000000088200000| Untracked 
| 131|0x0000000088300000, 0x0000000088300000, 0x0000000088400000|  0%| F|  |TAMS 0x0000000088300000, 0x0000000088300000| Untracked 
| 132|0x0000000088400000, 0x0000000088400000, 0x0000000088500000|  0%| F|  |TAMS 0x0000000088400000, 0x0000000088400000| Untracked 
| 133|0x0000000088500000, 0x0000000088500000, 0x0000000088600000|  0%| F|  |TAMS 0x0000000088500000, 0x0000000088500000| Untracked 
| 134|0x0000000088600000, 0x0000000088600000, 0x0000000088700000|  0%| F|  |TAMS 0x0000000088600000, 0x0000000088600000| Untracked 
| 135|0x0000000088700000, 0x0000000088700000, 0x0000000088800000|  0%| F|  |TAMS 0x0000000088700000, 0x0000000088700000| Untracked 
| 136|0x0000000088800000, 0x0000000088800000, 0x0000000088900000|  0%| F|  |TAMS 0x0000000088800000, 0x0000000088800000| Untracked 
| 137|0x0000000088900000, 0x0000000088900000, 0x0000000088a00000|  0%| F|  |TAMS 0x0000000088900000, 0x0000000088900000| Untracked 
| 138|0x0000000088a00000, 0x0000000088a00000, 0x0000000088b00000|  0%| F|  |TAMS 0x0000000088a00000, 0x0000000088a00000| Untracked 
| 139|0x0000000088b00000, 0x0000000088b00000, 0x0000000088c00000|  0%| F|  |TAMS 0x0000000088b00000, 0x0000000088b00000| Untracked 
| 140|0x0000000088c00000, 0x0000000088c00000, 0x0000000088d00000|  0%| F|  |TAMS 0x0000000088c00000, 0x0000000088c00000| Untracked 
| 141|0x0000000088d00000, 0x0000000088d00000, 0x0000000088e00000|  0%| F|  |TAMS 0x0000000088d00000, 0x0000000088d00000| Untracked 
| 142|0x0000000088e00000, 0x0000000088e00000, 0x0000000088f00000|  0%| F|  |TAMS 0x0000000088e00000, 0x0000000088e00000| Untracked 
| 143|0x0000000088f00000, 0x0000000088f00000, 0x0000000089000000|  0%| F|  |TAMS 0x0000000088f00000, 0x0000000088f00000| Untracked 
| 144|0x0000000089000000, 0x0000000089000000, 0x0000000089100000|  0%| F|  |TAMS 0x0000000089000000, 0x0000000089000000| Untracked 
| 145|0x0000000089100000, 0x0000000089100000, 0x0000000089200000|  0%| F|  |TAMS 0x0000000089100000, 0x0000000089100000| Untracked 
| 146|0x0000000089200000, 0x0000000089200000, 0x0000000089300000|  0%| F|  |TAMS 0x0000000089200000, 0x0000000089200000| Untracked 
| 147|0x0000000089300000, 0x0000000089300000, 0x0000000089400000|  0%| F|  |TAMS 0x0000000089300000, 0x0000000089300000| Untracked 
| 148|0x0000000089400000, 0x0000000089400000, 0x0000000089500000|  0%| F|  |TAMS 0x0000000089400000, 0x0000000089400000| Untracked 
| 149|0x0000000089500000, 0x0000000089500000, 0x0000000089600000|  0%| F|  |TAMS 0x0000000089500000, 0x0000000089500000| Untracked 
| 150|0x0000000089600000, 0x0000000089600000, 0x0000000089700000|  0%| F|  |TAMS 0x0000000089600000, 0x0000000089600000| Untracked 
| 151|0x0000000089700000, 0x0000000089700000, 0x0000000089800000|  0%| F|  |TAMS 0x0000000089700000, 0x0000000089700000| Untracked 
| 152|0x0000000089800000, 0x0000000089800000, 0x0000000089900000|  0%| F|  |TAMS 0x0000000089800000, 0x0000000089800000| Untracked 
| 153|0x0000000089900000, 0x0000000089900000, 0x0000000089a00000|  0%| F|  |TAMS 0x0000000089900000, 0x0000000089900000| Untracked 
| 154|0x0000000089a00000, 0x0000000089a00000, 0x0000000089b00000|  0%| F|  |TAMS 0x0000000089a00000, 0x0000000089a00000| Untracked 
| 155|0x0000000089b00000, 0x0000000089b00000, 0x0000000089c00000|  0%| F|  |TAMS 0x0000000089b00000, 0x0000000089b00000| Untracked 
| 156|0x0000000089c00000, 0x0000000089c00000, 0x0000000089d00000|  0%| F|  |TAMS 0x0000000089c00000, 0x0000000089c00000| Untracked 
| 157|0x0000000089d00000, 0x0000000089d00000, 0x0000000089e00000|  0%| F|  |TAMS 0x0000000089d00000, 0x0000000089d00000| Untracked 
| 158|0x0000000089e00000, 0x0000000089e00000, 0x0000000089f00000|  0%| F|  |TAMS 0x0000000089e00000, 0x0000000089e00000| Untracked 
| 159|0x0000000089f00000, 0x0000000089f00000, 0x000000008a000000|  0%| F|  |TAMS 0x0000000089f00000, 0x0000000089f00000| Untracked 
| 160|0x000000008a000000, 0x000000008a000000, 0x000000008a100000|  0%| F|  |TAMS 0x000000008a000000, 0x000000008a000000| Untracked 
| 161|0x000000008a100000, 0x000000008a100000, 0x000000008a200000|  0%| F|  |TAMS 0x000000008a100000, 0x000000008a100000| Untracked 
| 162|0x000000008a200000, 0x000000008a200000, 0x000000008a300000|  0%| F|  |TAMS 0x000000008a200000, 0x000000008a200000| Untracked 
| 163|0x000000008a300000, 0x000000008a330930, 0x000000008a400000| 18%| E|  |TAMS 0x000000008a300000, 0x000000008a300000| Complete 
| 164|0x000000008a400000, 0x000000008a500000, 0x000000008a500000|100%| E|CS|TAMS 0x000000008a400000, 0x000000008a400000| Complete 
| 165|0x000000008a500000, 0x000000008a600000, 0x000000008a600000|100%| E|CS|TAMS 0x000000008a500000, 0x000000008a500000| Complete 
| 166|0x000000008a600000, 0x000000008a700000, 0x000000008a700000|100%| E|CS|TAMS 0x000000008a600000, 0x000000008a600000| Complete 
| 167|0x000000008a700000, 0x000000008a800000, 0x000000008a800000|100%| E|CS|TAMS 0x000000008a700000, 0x000000008a700000| Complete 
| 168|0x000000008a800000, 0x000000008a900000, 0x000000008a900000|100%| E|CS|TAMS 0x000000008a800000, 0x000000008a800000| Complete 
| 169|0x000000008a900000, 0x000000008aa00000, 0x000000008aa00000|100%| E|CS|TAMS 0x000000008a900000, 0x000000008a900000| Complete 
| 170|0x000000008aa00000, 0x000000008ab00000, 0x000000008ab00000|100%| E|  |TAMS 0x000000008aa00000, 0x000000008aa00000| Complete 
| 171|0x000000008ab00000, 0x000000008ac00000, 0x000000008ac00000|100%| E|CS|TAMS 0x000000008ab00000, 0x000000008ab00000| Complete 
| 172|0x000000008ac00000, 0x000000008ad00000, 0x000000008ad00000|100%| E|CS|TAMS 0x000000008ac00000, 0x000000008ac00000| Complete 
| 173|0x000000008ad00000, 0x000000008ae00000, 0x000000008ae00000|100%| E|CS|TAMS 0x000000008ad00000, 0x000000008ad00000| Complete 
| 174|0x000000008ae00000, 0x000000008af00000, 0x000000008af00000|100%| E|CS|TAMS 0x000000008ae00000, 0x000000008ae00000| Complete 
| 175|0x000000008af00000, 0x000000008b000000, 0x000000008b000000|100%| E|CS|TAMS 0x000000008af00000, 0x000000008af00000| Complete 
| 176|0x000000008b000000, 0x000000008b100000, 0x000000008b100000|100%| E|CS|TAMS 0x000000008b000000, 0x000000008b000000| Complete 
| 177|0x000000008b100000, 0x000000008b200000, 0x000000008b200000|100%| E|CS|TAMS 0x000000008b100000, 0x000000008b100000| Complete 
| 178|0x000000008b200000, 0x000000008b300000, 0x000000008b300000|100%| E|CS|TAMS 0x000000008b200000, 0x000000008b200000| Complete 
| 179|0x000000008b300000, 0x000000008b400000, 0x000000008b400000|100%| E|CS|TAMS 0x000000008b300000, 0x000000008b300000| Complete 
| 180|0x000000008b400000, 0x000000008b500000, 0x000000008b500000|100%| E|CS|TAMS 0x000000008b400000, 0x000000008b400000| Complete 
| 181|0x000000008b500000, 0x000000008b600000, 0x000000008b600000|100%| E|CS|TAMS 0x000000008b500000, 0x000000008b500000| Complete 
| 182|0x000000008b600000, 0x000000008b700000, 0x000000008b700000|100%| E|CS|TAMS 0x000000008b600000, 0x000000008b600000| Complete 
| 183|0x000000008b700000, 0x000000008b800000, 0x000000008b800000|100%| E|CS|TAMS 0x000000008b700000, 0x000000008b700000| Complete 
| 184|0x000000008b800000, 0x000000008b900000, 0x000000008b900000|100%| E|CS|TAMS 0x000000008b800000, 0x000000008b800000| Complete 
| 240|0x000000008f000000, 0x000000008f100000, 0x000000008f100000|100%| E|CS|TAMS 0x000000008f000000, 0x000000008f000000| Complete 
| 241|0x000000008f100000, 0x000000008f200000, 0x000000008f200000|100%| E|CS|TAMS 0x000000008f100000, 0x000000008f100000| Complete 
| 242|0x000000008f200000, 0x000000008f300000, 0x000000008f300000|100%| E|CS|TAMS 0x000000008f200000, 0x000000008f200000| Complete 
| 472|0x000000009d800000, 0x000000009d900000, 0x000000009d900000|100%| E|CS|TAMS 0x000000009d800000, 0x000000009d800000| Complete 
| 511|0x000000009ff00000, 0x00000000a0000000, 0x00000000a0000000|100%| E|CS|TAMS 0x000000009ff00000, 0x000000009ff00000| Complete 

Card table byte_map: [0x000002a5dcc70000,0x000002a5dd070000] _byte_map_base: 0x000002a5dc870000

Marking Bits (Prev, Next): (CMBitMap*) 0x000002a5c819ef00, (CMBitMap*) 0x000002a5c819eec0
 Prev Bits: [0x000002a5df470000, 0x000002a5e1470000)
 Next Bits: [0x000002a5dd470000, 0x000002a5df470000)

Polling page: 0x000002a5c8210000

Metaspace:

Usage:
  Non-class:     78.17 MB used.
      Class:     12.18 MB used.
       Both:     90.35 MB used.

Virtual space:
  Non-class space:       80.00 MB reserved,      78.56 MB ( 98%) committed,  10 nodes.
      Class space:        1.00 GB reserved,      12.44 MB (  1%) committed,  1 nodes.
             Both:        1.08 GB reserved,      91.00 MB (  8%) committed. 

Chunk freelists:
   Non-Class:  1008.00 KB
       Class:  3.56 MB
        Both:  4.55 MB

MaxMetaspaceSize: unlimited
CompressedClassSpaceSize: 1.00 GB
Initial GC threshold: 21.00 MB
Current GC threshold: 98.38 MB
CDS: off
MetaspaceReclaimPolicy: balanced
 - commit_granule_bytes: 65536.
 - commit_granule_words: 8192.
 - virtual_space_node_default_size: 1048576.
 - enlarge_chunks_in_place: 1.
 - new_chunks_are_fully_committed: 0.
 - uncommit_free_chunks: 1.
 - use_allocation_guard: 0.
 - handle_deallocations: 1.


Internal statistics:

num_allocs_failed_limit: 9.
num_arena_births: 876.
num_arena_deaths: 0.
num_vsnodes_births: 11.
num_vsnodes_deaths: 0.
num_space_committed: 1455.
num_space_uncommitted: 0.
num_chunks_returned_to_freelist: 9.
num_chunks_taken_from_freelist: 4284.
num_chunk_merges: 9.
num_chunk_splits: 2808.
num_chunks_enlarged: 1866.
num_purges: 0.
num_inconsistent_stats: 0.

CodeHeap 'non-profiled nmethods': size=120000Kb used=5647Kb max_used=5647Kb free=114352Kb
 bounds [0x000002a5d48e0000, 0x000002a5d4e70000, 0x000002a5dbe10000]
CodeHeap 'profiled nmethods': size=120000Kb used=17939Kb max_used=17939Kb free=102060Kb
 bounds [0x000002a5cce10000, 0x000002a5cdfa0000, 0x000002a5d4340000]
CodeHeap 'non-nmethods': size=5760Kb used=2372Kb max_used=2442Kb free=3387Kb
 bounds [0x000002a5d4340000, 0x000002a5d45c0000, 0x000002a5d48e0000]
 total_blobs=10276 nmethods=9373 adapters=815
 compilation: enabled
              stopped_count=0, restarted_count=0
 full_count=0

Compilation events (20 events):
Event: 26.260 Thread 0x000002a5e87a14a0 nmethod 10746 0x000002a5d4a3cc10 code [0x000002a5d4a3cd80, 0x000002a5d4a3ce38]
Event: 26.261 Thread 0x000002a5e87a14a0 10748       4       java.util.BitSet::checkInvariants (111 bytes)
Event: 26.261 Thread 0x000002a5e40b92b0 10750       3       org.gradle.api.internal.artifacts.transform.TransformationChain::visitTransformationSteps (21 bytes)
Event: 26.261 Thread 0x000002a5e87a14a0 nmethod 10748 0x000002a5d4a3c910 code [0x000002a5d4a3ca80, 0x000002a5d4a3caf8]
Event: 26.262 Thread 0x000002a5e40b92b0 nmethod 10750 0x000002a5cdf33090 code [0x000002a5cdf33240, 0x000002a5cdf334d8]
Event: 26.262 Thread 0x000002a5e40b92b0 10751       3       org.gradle.api.internal.artifacts.transform.DefaultExtraExecutionGraphDependenciesResolverFactory$$Lambda$630/0x00000001006ae7e8::dependenciesFor (5 bytes)
Event: 26.262 Thread 0x000002a5e40b92b0 nmethod 10751 0x000002a5cdf33610 code [0x000002a5cdf337a0, 0x000002a5cdf33918]
Event: 26.262 Thread 0x000002a5e40b92b0 10752       3       org.gradle.api.internal.artifacts.transform.DefaultExtraExecutionGraphDependenciesResolverFactory::lambda$static$0 (4 bytes)
Event: 26.262 Thread 0x000002a5e40b92b0 nmethod 10752 0x000002a5cd1a9d10 code [0x000002a5cd1a9ea0, 0x000002a5cd1a9f98]
Event: 26.262 Thread 0x000002a5e40b92b0 10754       3       org.gradle.api.internal.artifacts.transform.AbstractTransformedArtifactSet::lambda$new$0 (21 bytes)
Event: 26.263 Thread 0x000002a5e40b92b0 nmethod 10754 0x000002a5cdf33a10 code [0x000002a5cdf33be0, 0x000002a5cdf33fb8]
Event: 26.263 Thread 0x000002a5e40b92b0 10753       3       org.gradle.api.internal.artifacts.transform.BoundTransformationStep::<init> (15 bytes)
Event: 26.263 Thread 0x000002a5e40b92b0 nmethod 10753 0x000002a5cdf34190 code [0x000002a5cdf34340, 0x000002a5cdf34558]
Event: 26.263 Thread 0x000002a5e40b92b0 10749       1       org.gradle.api.internal.artifacts.ivyservice.resolveengine.artifact.ArtifactBackedResolvedVariant::getCapabilities (5 bytes)
Event: 26.263 Thread 0x000002a5e40b92b0 nmethod 10749 0x000002a5d4a3c610 code [0x000002a5d4a3c7a0, 0x000002a5d4a3c878]
Event: 26.264 Thread 0x000002a5e40b92b0 10755       1       org.gradle.api.internal.artifacts.transform.DefaultTransformationRegistrationFactory$DefaultArtifactTransformRegistration::getFrom (5 bytes)
Event: 26.264 Thread 0x000002a5e40b92b0 nmethod 10755 0x000002a5d4a3c310 code [0x000002a5d4a3c4a0, 0x000002a5d4a3c578]
Event: 26.264 Thread 0x000002a5e87a14a0 10756       4       java.lang.Long::numberOfTrailingZeros (26 bytes)
Event: 26.265 Thread 0x000002a5e87a14a0 nmethod 10756 0x000002a5d4a3c010 code [0x000002a5d4a3c180, 0x000002a5d4a3c1f8]
Event: 26.265 Thread 0x000002a5e87a14a0 10757       4       java.util.BitSet::nextSetBit (102 bytes)

GC Heap History (20 events):
Event: 7.704 GC heap before
{Heap before GC invocations=10 (full 0):
 garbage-first heap   total 65536K, used 47556K [0x0000000080000000, 0x0000000100000000)
  region size 1024K, 27 young (27648K), 3 survivors (3072K)
 Metaspace       used 40422K, committed 40768K, reserved 1089536K
  class space    used 5363K, committed 5504K, reserved 1048576K
}
Event: 7.712 GC heap after
{Heap after GC invocations=11 (full 0):
 garbage-first heap   total 65536K, used 27320K [0x0000000080000000, 0x0000000100000000)
  region size 1024K, 4 young (4096K), 4 survivors (4096K)
 Metaspace       used 40422K, committed 40768K, reserved 1089536K
  class space    used 5363K, committed 5504K, reserved 1048576K
}
Event: 7.719 GC heap before
{Heap before GC invocations=11 (full 0):
 garbage-first heap   total 65536K, used 28344K [0x0000000080000000, 0x0000000100000000)
  region size 1024K, 5 young (5120K), 4 survivors (4096K)
 Metaspace       used 40423K, committed 40768K, reserved 1089536K
  class space    used 5363K, committed 5504K, reserved 1048576K
}
Event: 7.729 GC heap after
{Heap after GC invocations=12 (full 0):
 garbage-first heap   total 294912K, used 27711K [0x0000000080000000, 0x0000000100000000)
  region size 1024K, 1 young (1024K), 1 survivors (1024K)
 Metaspace       used 40423K, committed 40768K, reserved 1089536K
  class space    used 5363K, committed 5504K, reserved 1048576K
}
Event: 11.907 GC heap before
{Heap before GC invocations=12 (full 0):
 garbage-first heap   total 294912K, used 215103K [0x0000000080000000, 0x0000000100000000)
  region size 1024K, 172 young (176128K), 1 survivors (1024K)
 Metaspace       used 52638K, committed 53120K, reserved 1097728K
  class space    used 6951K, committed 7168K, reserved 1048576K
}
Event: 11.926 GC heap after
{Heap after GC invocations=13 (full 0):
 garbage-first heap   total 294912K, used 53391K [0x0000000080000000, 0x0000000100000000)
  region size 1024K, 18 young (18432K), 18 survivors (18432K)
 Metaspace       used 52638K, committed 53120K, reserved 1097728K
  class space    used 6951K, committed 7168K, reserved 1048576K
}
Event: 13.206 GC heap before
{Heap before GC invocations=13 (full 0):
 garbage-first heap   total 294912K, used 98447K [0x0000000080000000, 0x0000000100000000)
  region size 1024K, 63 young (64512K), 18 survivors (18432K)
 Metaspace       used 59726K, committed 60160K, reserved 1105920K
  class space    used 7811K, committed 8000K, reserved 1048576K
}
Event: 13.225 GC heap after
{Heap after GC invocations=14 (full 0):
 garbage-first heap   total 294912K, used 56097K [0x0000000080000000, 0x0000000100000000)
  region size 1024K, 3 young (3072K), 3 survivors (3072K)
 Metaspace       used 59726K, committed 60160K, reserved 1105920K
  class space    used 7811K, committed 8000K, reserved 1048576K
}
Event: 16.597 GC heap before
{Heap before GC invocations=15 (full 0):
 garbage-first heap   total 194560K, used 175905K [0x0000000080000000, 0x0000000100000000)
  region size 1024K, 114 young (116736K), 3 survivors (3072K)
 Metaspace       used 70775K, committed 71296K, reserved 1114112K
  class space    used 9293K, committed 9536K, reserved 1048576K
}
Event: 16.615 GC heap after
{Heap after GC invocations=16 (full 0):
 garbage-first heap   total 194560K, used 64932K [0x0000000080000000, 0x0000000100000000)
  region size 1024K, 12 young (12288K), 12 survivors (12288K)
 Metaspace       used 70775K, committed 71296K, reserved 1114112K
  class space    used 9293K, committed 9536K, reserved 1048576K
}
Event: 16.631 GC heap before
{Heap before GC invocations=16 (full 0):
 garbage-first heap   total 194560K, used 65956K [0x0000000080000000, 0x0000000100000000)
  region size 1024K, 13 young (13312K), 12 survivors (12288K)
 Metaspace       used 70775K, committed 71296K, reserved 1114112K
  class space    used 9293K, committed 9536K, reserved 1048576K
}
Event: 16.647 GC heap after
{Heap after GC invocations=17 (full 0):
 garbage-first heap   total 194560K, used 65555K [0x0000000080000000, 0x0000000100000000)
  region size 1024K, 2 young (2048K), 2 survivors (2048K)
 Metaspace       used 70775K, committed 71296K, reserved 1114112K
  class space    used 9293K, committed 9536K, reserved 1048576K
}
Event: 19.127 GC heap before
{Heap before GC invocations=17 (full 0):
 garbage-first heap   total 194560K, used 153619K [0x0000000080000000, 0x0000000100000000)
  region size 1024K, 87 young (89088K), 2 survivors (2048K)
 Metaspace       used 78084K, committed 78656K, reserved 1122304K
  class space    used 10466K, committed 10752K, reserved 1048576K
}
Event: 19.137 GC heap after
{Heap after GC invocations=18 (full 0):
 garbage-first heap   total 194560K, used 70438K [0x0000000080000000, 0x0000000100000000)
  region size 1024K, 6 young (6144K), 6 survivors (6144K)
 Metaspace       used 78084K, committed 78656K, reserved 1122304K
  class space    used 10466K, committed 10752K, reserved 1048576K
}
Event: 22.658 GC heap before
{Heap before GC invocations=18 (full 0):
 garbage-first heap   total 194560K, used 155430K [0x0000000080000000, 0x0000000100000000)
  region size 1024K, 89 young (91136K), 6 survivors (6144K)
 Metaspace       used 87110K, committed 87680K, reserved 1130496K
  class space    used 11761K, committed 12032K, reserved 1048576K
}
Event: 22.678 GC heap after
{Heap after GC invocations=19 (full 0):
 garbage-first heap   total 194560K, used 77554K [0x0000000080000000, 0x0000000100000000)
  region size 1024K, 12 young (12288K), 12 survivors (12288K)
 Metaspace       used 87110K, committed 87680K, reserved 1130496K
  class space    used 11761K, committed 12032K, reserved 1048576K
}
Event: 24.555 GC heap before
{Heap before GC invocations=19 (full 0):
 garbage-first heap   total 194560K, used 156402K [0x0000000080000000, 0x0000000100000000)
  region size 1024K, 89 young (91136K), 12 survivors (12288K)
 Metaspace       used 91100K, committed 91712K, reserved 1130496K
  class space    used 12278K, committed 12544K, reserved 1048576K
}
Event: 24.585 GC heap after
{Heap after GC invocations=20 (full 0):
 garbage-first heap   total 194560K, used 90153K [0x0000000080000000, 0x0000000100000000)
  region size 1024K, 12 young (12288K), 12 survivors (12288K)
 Metaspace       used 91100K, committed 91712K, reserved 1130496K
  class space    used 12278K, committed 12544K, reserved 1048576K
}
Event: 25.778 GC heap before
{Heap before GC invocations=20 (full 0):
 garbage-first heap   total 194560K, used 151593K [0x0000000080000000, 0x0000000100000000)
  region size 1024K, 73 young (74752K), 12 survivors (12288K)
 Metaspace       used 92106K, committed 92736K, reserved 1130496K
  class space    used 12443K, committed 12736K, reserved 1048576K
}
Event: 25.801 GC heap after
{Heap after GC invocations=21 (full 0):
 garbage-first heap   total 194560K, used 98930K [0x0000000080000000, 0x0000000100000000)
  region size 1024K, 9 young (9216K), 9 survivors (9216K)
 Metaspace       used 92106K, committed 92736K, reserved 1130496K
  class space    used 12443K, committed 12736K, reserved 1048576K
}

Dll operation events (2 events):
Event: 0.015 Loaded shared library C:\Program Files\Android\Android Studio\jbr\bin\java.dll
Event: 1.096 Loaded shared library C:\Program Files\Android\Android Studio\jbr\bin\verify.dll

Deoptimization events (20 events):
Event: 26.142 Thread 0x000002a5ea5d4420 Uncommon trap: trap_request=0xffffffc6 fr.pc=0x000002a5d4c43808 relative=0x0000000000000168
Event: 26.142 Thread 0x000002a5ea5d4420 Uncommon trap: reason=bimorphic_or_optimized_type_check action=maybe_recompile pc=0x000002a5d4c43808 method=com.google.common.collect.RegularImmutableMap.get(Ljava/lang/Object;[Lcom/google/common/collect/ImmutableMapEntry;I)Ljava/lang/Object; @ 54 c2
Event: 26.142 Thread 0x000002a5ea5d4420 DEOPT PACKING pc=0x000002a5d4c43808 sp=0x000000be5ecfc9b0
Event: 26.142 Thread 0x000002a5ea5d4420 DEOPT UNPACKING pc=0x000002a5d43969a3 sp=0x000000be5ecfc948 mode 2
Event: 26.142 Thread 0x000002a5ea5d4420 Uncommon trap: trap_request=0xffffffc6 fr.pc=0x000002a5d4c43808 relative=0x0000000000000168
Event: 26.142 Thread 0x000002a5ea5d4420 Uncommon trap: reason=bimorphic_or_optimized_type_check action=maybe_recompile pc=0x000002a5d4c43808 method=com.google.common.collect.RegularImmutableMap.get(Ljava/lang/Object;[Lcom/google/common/collect/ImmutableMapEntry;I)Ljava/lang/Object; @ 54 c2
Event: 26.142 Thread 0x000002a5ea5d4420 DEOPT PACKING pc=0x000002a5d4c43808 sp=0x000000be5ecfc9b0
Event: 26.142 Thread 0x000002a5ea5d4420 DEOPT UNPACKING pc=0x000002a5d43969a3 sp=0x000000be5ecfc948 mode 2
Event: 26.142 Thread 0x000002a5ea5d4420 Uncommon trap: trap_request=0xffffffc6 fr.pc=0x000002a5d4c43808 relative=0x0000000000000168
Event: 26.142 Thread 0x000002a5ea5d4420 Uncommon trap: reason=bimorphic_or_optimized_type_check action=maybe_recompile pc=0x000002a5d4c43808 method=com.google.common.collect.RegularImmutableMap.get(Ljava/lang/Object;[Lcom/google/common/collect/ImmutableMapEntry;I)Ljava/lang/Object; @ 54 c2
Event: 26.142 Thread 0x000002a5ea5d4420 DEOPT PACKING pc=0x000002a5d4c43808 sp=0x000000be5ecfc9b0
Event: 26.142 Thread 0x000002a5ea5d4420 DEOPT UNPACKING pc=0x000002a5d43969a3 sp=0x000000be5ecfc948 mode 2
Event: 26.142 Thread 0x000002a5ea5d4420 Uncommon trap: trap_request=0xffffff45 fr.pc=0x000002a5d4df00f4 relative=0x0000000000000574
Event: 26.142 Thread 0x000002a5ea5d4420 Uncommon trap: reason=unstable_if action=reinterpret pc=0x000002a5d4df00f4 method=com.google.common.collect.AbstractIterator.hasNext()Z @ 29 c2
Event: 26.142 Thread 0x000002a5ea5d4420 DEOPT PACKING pc=0x000002a5d4df00f4 sp=0x000000be5ecfcc80
Event: 26.142 Thread 0x000002a5ea5d4420 DEOPT UNPACKING pc=0x000002a5d43969a3 sp=0x000000be5ecfcc48 mode 2
Event: 26.206 Thread 0x000002a5e5992a00 Uncommon trap: trap_request=0xffffff76 fr.pc=0x000002a5d4abd610 relative=0x00000000000004f0
Event: 26.206 Thread 0x000002a5e5992a00 Uncommon trap: reason=predicate action=maybe_recompile pc=0x000002a5d4abd610 method=java.util.TimSort.reverseRange([Ljava/lang/Object;II)V @ 5 c2
Event: 26.206 Thread 0x000002a5e5992a00 DEOPT PACKING pc=0x000002a5d4abd610 sp=0x000000be5f0fadb0
Event: 26.206 Thread 0x000002a5e5992a00 DEOPT UNPACKING pc=0x000002a5d43969a3 sp=0x000000be5f0face8 mode 2

Classes unloaded (0 events):
No events

Classes redefined (0 events):
No events

Internal exceptions (20 events):
Event: 24.281 Thread 0x000002a5f0331940 Exception <a 'java/lang/NoSuchMethodError'{0x0000000087812180}: 'int java.lang.invoke.DirectMethodHandle$Holder.invokeStaticInit(java.lang.Object, java.lang.Object, java.lang.Object, java.lang.Object, java.lang.Object)'> (0x0000000087812180) 
thrown [s\src\hotspot\share\interpreter\linkResolver.cpp, line 771]
Event: 24.322 Thread 0x000002a5e771f600 Exception <a 'java/lang/NoSuchMethodError'{0x00000000878f0e40}: static Lorg/gradle/internal/build/event/types/DefaultTaskFinishedProgressEvent;.<clinit>()V> (0x00000000878f0e40) 
thrown [s\src\hotspot\share\prims\jni.cpp, line 1108]
Event: 24.326 Thread 0x000002a5e771f600 Exception <a 'java/lang/NoSuchMethodError'{0x0000000087710d70}: static Lorg/gradle/internal/build/event/types/DefaultTaskSuccessResult;.<clinit>()V> (0x0000000087710d70) 
thrown [s\src\hotspot\share\prims\jni.cpp, line 1108]
Event: 24.327 Thread 0x000002a5e771f600 Exception <a 'java/lang/NoSuchMethodError'{0x000000008773df38}: static Lorg/gradle/internal/build/event/types/AbstractTaskResult;.<clinit>()V> (0x000000008773df38) 
thrown [s\src\hotspot\share\prims\jni.cpp, line 1108]
Event: 24.345 Thread 0x000002a5f0331940 Exception <a 'sun/nio/fs/WindowsException'{0x00000000878dda80}> (0x00000000878dda80) 
thrown [s\src\hotspot\share\prims\jni.cpp, line 517]
Event: 24.360 Thread 0x000002a5e771f600 Exception <a 'java/lang/NoSuchMethodError'{0x00000000876608a8}: static Lorg/gradle/internal/build/event/types/DefaultTaskSkippedResult;.<clinit>()V> (0x00000000876608a8) 
thrown [s\src\hotspot\share\prims\jni.cpp, line 1108]
Event: 24.366 Thread 0x000002a5e907ea80 Exception <a 'java/lang/NoSuchMethodError'{0x00000000878e81d8}: static Lcom/android/buildanalyzer/common/AndroidGradlePluginAttributionData$BuildInfo;.<clinit>()V> (0x00000000878e81d8) 
thrown [s\src\hotspot\share\prims\jni.cpp, line 1108]
Event: 24.372 Thread 0x000002a5e907ea80 Exception <a 'java/lang/NoSuchMethodError'{0x00000000876c7b98}: static Lcom/android/buildanalyzer/common/AndroidGradlePluginAttributionData$JavaInfo;.<clinit>()V> (0x00000000876c7b98) 
thrown [s\src\hotspot\share\prims\jni.cpp, line 1108]
Event: 24.379 Thread 0x000002a5e907ea80 Exception <a 'java/lang/NoSuchMethodError'{0x00000000875021a0}: static [Ljava/lang/String;.<clinit>()V> (0x00000000875021a0) 
thrown [s\src\hotspot\share\prims\jni.cpp, line 1108]
Event: 24.382 Thread 0x000002a5e907ea80 Exception <a 'java/lang/NoSuchMethodError'{0x000000008750de38}: static Lcom/android/buildanalyzer/common/AndroidGradlePluginAttributionData$TaskInfo;.<clinit>()V> (0x000000008750de38) 
thrown [s\src\hotspot\share\prims\jni.cpp, line 1108]
Event: 24.384 Thread 0x000002a5e907ea80 Exception <a 'java/lang/NoSuchMethodError'{0x000000008751a780}: static Lcom/android/buildanalyzer/common/AndroidGradlePluginAttributionData$TaskCategoryInfo;.<clinit>()V> (0x000000008751a780) 
thrown [s\src\hotspot\share\prims\jni.cpp, line 1108]
Event: 24.977 Thread 0x000002a5e5992a00 Exception <a 'java/lang/NoSuchMethodError'{0x000000008b412600}: 'void java.lang.invoke.DirectMethodHandle$Holder.invokeStatic(java.lang.Object, java.lang.Object, java.lang.Object, java.lang.Object, int, java.lang.Object, java.lang.Object)'> (0x000000008b412600) 
thrown [s\src\hotspot\share\interpreter\linkResolver.cpp, line 771]
Event: 25.041 Thread 0x000002a5e835f750 Exception <a 'java/lang/NoSuchMethodError'{0x000000008aff1a78}: 'java.lang.Object java.lang.invoke.DirectMethodHandle$Holder.invokeSpecialIFC(java.lang.Object, java.lang.Object, java.lang.Object)'> (0x000000008aff1a78) 
thrown [s\src\hotspot\share\interpreter\linkResolver.cpp, line 771]
Event: 25.041 Thread 0x000002a5e8361430 Exception <a 'java/lang/NoSuchMethodError'{0x000000008af62f20}: 'java.lang.Object java.lang.invoke.DirectMethodHandle$Holder.invokeSpecialIFC(java.lang.Object, java.lang.Object, java.lang.Object)'> (0x000000008af62f20) 
thrown [s\src\hotspot\share\interpreter\linkResolver.cpp, line 771]
Event: 25.041 Thread 0x000002a5e83600f0 Exception <a 'java/lang/NoSuchMethodError'{0x000000008af78ad8}: 'java.lang.Object java.lang.invoke.DirectMethodHandle$Holder.invokeSpecialIFC(java.lang.Object, java.lang.Object, java.lang.Object)'> (0x000000008af78ad8) 
thrown [s\src\hotspot\share\interpreter\linkResolver.cpp, line 771]
Event: 25.041 Thread 0x000002a5e9082de0 Exception <a 'java/lang/NoSuchMethodError'{0x000000008afddec8}: 'java.lang.Object java.lang.invoke.DirectMethodHandle$Holder.invokeSpecialIFC(java.lang.Object, java.lang.Object, java.lang.Object)'> (0x000000008afddec8) 
thrown [s\src\hotspot\share\interpreter\linkResolver.cpp, line 771]
Event: 25.041 Thread 0x000002a5e835cc00 Exception <a 'java/lang/NoSuchMethodError'{0x000000008afb5108}: 'java.lang.Object java.lang.invoke.DirectMethodHandle$Holder.invokeSpecialIFC(java.lang.Object, java.lang.Object, java.lang.Object)'> (0x000000008afb5108) 
thrown [s\src\hotspot\share\interpreter\linkResolver.cpp, line 771]
Event: 25.041 Thread 0x000002a5e9082910 Exception <a 'java/lang/NoSuchMethodError'{0x000000008afa2c28}: 'java.lang.Object java.lang.invoke.DirectMethodHandle$Holder.invokeSpecialIFC(java.lang.Object, java.lang.Object, java.lang.Object)'> (0x000000008afa2c28) 
thrown [s\src\hotspot\share\interpreter\linkResolver.cpp, line 771]
Event: 25.041 Thread 0x000002a5e8361dd0 Exception <a 'java/lang/NoSuchMethodError'{0x000000008af8ac98}: 'java.lang.Object java.lang.invoke.DirectMethodHandle$Holder.invokeSpecialIFC(java.lang.Object, java.lang.Object, java.lang.Object)'> (0x000000008af8ac98) 
thrown [s\src\hotspot\share\interpreter\linkResolver.cpp, line 771]
Event: 25.042 Thread 0x000002a5e5992a00 Exception <a 'java/lang/NoSuchMethodError'{0x000000008afc57e8}: 'java.lang.Object java.lang.invoke.DirectMethodHandle$Holder.invokeSpecialIFC(java.lang.Object, java.lang.Object, java.lang.Object)'> (0x000000008afc57e8) 
thrown [s\src\hotspot\share\interpreter\linkResolver.cpp, line 771]

VM Operations (20 events):
Event: 24.193 Executing VM operation: HandshakeAllThreads
Event: 24.193 Executing VM operation: HandshakeAllThreads done
Event: 24.243 Executing VM operation: HandshakeAllThreads
Event: 24.244 Executing VM operation: HandshakeAllThreads done
Event: 24.319 Executing VM operation: HandshakeAllThreads
Event: 24.319 Executing VM operation: HandshakeAllThreads done
Event: 24.397 Executing VM operation: ICBufferFull
Event: 24.397 Executing VM operation: ICBufferFull done
Event: 24.425 Executing VM operation: HandshakeAllThreads
Event: 24.426 Executing VM operation: HandshakeAllThreads done
Event: 24.555 Executing VM operation: G1CollectForAllocation
Event: 24.586 Executing VM operation: G1CollectForAllocation done
Event: 25.006 Executing VM operation: ICBufferFull
Event: 25.008 Executing VM operation: ICBufferFull done
Event: 25.464 Executing VM operation: ICBufferFull
Event: 25.465 Executing VM operation: ICBufferFull done
Event: 25.778 Executing VM operation: G1CollectForAllocation
Event: 25.801 Executing VM operation: G1CollectForAllocation done
Event: 26.144 Executing VM operation: ICBufferFull
Event: 26.144 Executing VM operation: ICBufferFull done

Events (20 events):
Event: 24.365 loading class java/time/InstantSource done
Event: 24.365 loading class java/time/Clock done
Event: 24.365 loading class java/time/Clock$SystemClock
Event: 24.366 loading class java/time/Clock$SystemClock done
Event: 24.379 loading class java/io/ObjectStreamClass$ExceptionInfo
Event: 24.379 loading class java/io/ObjectStreamClass$ExceptionInfo done
Event: 25.102 loading class java/util/stream/ReferencePipeline$4
Event: 25.102 loading class java/util/stream/ReferencePipeline$4 done
Event: 25.103 loading class java/util/function/IntBinaryOperator
Event: 25.103 loading class java/util/function/IntBinaryOperator done
Event: 25.104 loading class java/util/stream/ReduceOps$6
Event: 25.105 loading class java/util/stream/ReduceOps$6 done
Event: 25.105 loading class java/util/stream/ReduceOps$5ReducingSink
Event: 25.105 loading class java/util/stream/ReduceOps$5ReducingSink done
Event: 25.105 loading class java/util/stream/ReferencePipeline$4$1
Event: 25.106 loading class java/util/stream/ReferencePipeline$4$1 done
Event: 26.096 loading class java/util/Comparators$NaturalOrderComparator
Event: 26.096 loading class java/util/Comparators$NaturalOrderComparator done
Event: 26.096 loading class java/util/stream/SortedOps$SizedRefSortingSink
Event: 26.096 loading class java/util/stream/SortedOps$SizedRefSortingSink done


Dynamic libraries:
0x00007ff7522e0000 - 0x00007ff7522ea000 	C:\Program Files\Android\Android Studio\jbr\bin\java.exe
0x00007ff8389b0000 - 0x00007ff838ba8000 	C:\Windows\SYSTEM32\ntdll.dll
0x00007ff8380f0000 - 0x00007ff8381ad000 	C:\Windows\System32\KERNEL32.DLL
0x00007ff836070000 - 0x00007ff836366000 	C:\Windows\System32\KERNELBASE.dll
0x00007ff836410000 - 0x00007ff836510000 	C:\Windows\System32\ucrtbase.dll
0x00007ff82e980000 - 0x00007ff82e997000 	C:\Program Files\Android\Android Studio\jbr\bin\jli.dll
0x00007ff82e6f0000 - 0x00007ff82e70b000 	C:\Program Files\Android\Android Studio\jbr\bin\VCRUNTIME140.dll
0x00007ff837f50000 - 0x00007ff8380ee000 	C:\Windows\System32\USER32.dll
0x00007ff8249f0000 - 0x00007ff824c8a000 	C:\Windows\WinSxS\amd64_microsoft.windows.common-controls_6595b64144ccf1df_6.0.19041.3636_none_60b6a03d71f818d5\COMCTL32.dll
0x00007ff836970000 - 0x00007ff836992000 	C:\Windows\System32\win32u.dll
0x00007ff8369f0000 - 0x00007ff836a8e000 	C:\Windows\System32\msvcrt.dll
0x00007ff837da0000 - 0x00007ff837dcb000 	C:\Windows\System32\GDI32.dll
0x00007ff836650000 - 0x00007ff836767000 	C:\Windows\System32\gdi32full.dll
0x00007ff836770000 - 0x00007ff83680d000 	C:\Windows\System32\msvcp_win.dll
0x00007ff837dd0000 - 0x00007ff837e02000 	C:\Windows\System32\IMM32.DLL
0x00007ff8315f0000 - 0x00007ff8315fc000 	C:\Program Files\Android\Android Studio\jbr\bin\vcruntime140_1.dll
0x00007ff814830000 - 0x00007ff8148bd000 	C:\Program Files\Android\Android Studio\jbr\bin\msvcp140.dll
0x00007ff80de20000 - 0x00007ff80ea8e000 	C:\Program Files\Android\Android Studio\jbr\bin\server\jvm.dll
0x00007ff837ce0000 - 0x00007ff837d93000 	C:\Windows\System32\ADVAPI32.dll
0x00007ff836a90000 - 0x00007ff836b2f000 	C:\Windows\System32\sechost.dll
0x00007ff838620000 - 0x00007ff838746000 	C:\Windows\System32\RPCRT4.dll
0x00007ff8363e0000 - 0x00007ff836407000 	C:\Windows\System32\bcrypt.dll
0x00007ff833850000 - 0x00007ff833859000 	C:\Windows\SYSTEM32\WSOCK32.dll
0x00007ff82ae30000 - 0x00007ff82ae57000 	C:\Windows\SYSTEM32\WINMM.dll
0x00007ff82f8d0000 - 0x00007ff82f8da000 	C:\Windows\SYSTEM32\VERSION.dll
0x00007ff836b30000 - 0x00007ff836b9b000 	C:\Windows\System32\WS2_32.dll
0x00007ff833ee0000 - 0x00007ff833ef2000 	C:\Windows\SYSTEM32\kernel.appcore.dll
0x00007ff833840000 - 0x00007ff83384a000 	C:\Program Files\Android\Android Studio\jbr\bin\jimage.dll
0x00007ff825c60000 - 0x00007ff825e44000 	C:\Windows\SYSTEM32\DBGHELP.DLL
0x00007ff825850000 - 0x00007ff825884000 	C:\Windows\SYSTEM32\dbgcore.DLL
0x00007ff836510000 - 0x00007ff836592000 	C:\Windows\System32\bcryptPrimitives.dll
0x00007ff82fed0000 - 0x00007ff82fef5000 	C:\Program Files\Android\Android Studio\jbr\bin\java.dll
0x00007ff831550000 - 0x00007ff831568000 	C:\Program Files\Android\Android Studio\jbr\bin\zip.dll
0x00007ff837590000 - 0x00007ff837cd5000 	C:\Windows\System32\SHELL32.dll
0x00007ff8340e0000 - 0x00007ff83487c000 	C:\Windows\SYSTEM32\windows.storage.dll
0x00007ff836d50000 - 0x00007ff8370a4000 	C:\Windows\System32\combase.dll
0x00007ff8359c0000 - 0x00007ff8359ee000 	C:\Windows\SYSTEM32\Wldp.dll
0x00007ff836c50000 - 0x00007ff836d1d000 	C:\Windows\System32\OLEAUT32.dll
0x00007ff8374e0000 - 0x00007ff83758d000 	C:\Windows\System32\SHCORE.dll
0x00007ff838750000 - 0x00007ff8387a5000 	C:\Windows\System32\shlwapi.dll
0x00007ff835fa0000 - 0x00007ff835fc5000 	C:\Windows\SYSTEM32\profapi.dll
0x00007ff82fe30000 - 0x00007ff82fe49000 	C:\Program Files\Android\Android Studio\jbr\bin\net.dll
0x00007ff82e090000 - 0x00007ff82e19a000 	C:\Windows\SYSTEM32\WINHTTP.dll
0x00007ff8357a0000 - 0x00007ff83580a000 	C:\Windows\system32\mswsock.dll
0x00007ff82e9a0000 - 0x00007ff82e9b6000 	C:\Program Files\Android\Android Studio\jbr\bin\nio.dll
0x00007ff833810000 - 0x00007ff833820000 	C:\Program Files\Android\Android Studio\jbr\bin\verify.dll
0x00007ff82e630000 - 0x00007ff82e657000 	C:\Users\Nadir\.gradle\native\68d5fa5c4cc2d200863cafc0d521ce42e7d3e7ee720ec0a83991735586a16f82\windows-amd64\native-platform.dll
0x00007ff816a90000 - 0x00007ff816bd4000 	C:\Users\Nadir\.gradle\native\e376f236ea51e6404a007f0833ffe2c6e607c4080706a723a18a27aeea778392\windows-amd64\native-platform-file-events.dll
0x00007ff831cb0000 - 0x00007ff831cb9000 	C:\Program Files\Android\Android Studio\jbr\bin\management.dll
0x00007ff831b70000 - 0x00007ff831b7b000 	C:\Program Files\Android\Android Studio\jbr\bin\management_ext.dll
0x00007ff837190000 - 0x00007ff837198000 	C:\Windows\System32\PSAPI.DLL
0x00007ff835d10000 - 0x00007ff835d28000 	C:\Windows\SYSTEM32\CRYPTSP.dll
0x00007ff835080000 - 0x00007ff8350b4000 	C:\Windows\system32\rsaenh.dll
0x00007ff835f20000 - 0x00007ff835f4e000 	C:\Windows\SYSTEM32\USERENV.dll
0x00007ff835930000 - 0x00007ff83593c000 	C:\Windows\SYSTEM32\CRYPTBASE.dll
0x00007ff835440000 - 0x00007ff83547b000 	C:\Windows\SYSTEM32\IPHLPAPI.DLL
0x00007ff8387b0000 - 0x00007ff8387b8000 	C:\Windows\System32\NSI.dll
0x00007ff82f530000 - 0x00007ff82f547000 	C:\Windows\SYSTEM32\dhcpcsvc6.DLL
0x00007ff82f6d0000 - 0x00007ff82f6ed000 	C:\Windows\SYSTEM32\dhcpcsvc.DLL
0x00007ff8354b0000 - 0x00007ff83557b000 	C:\Windows\SYSTEM32\DNSAPI.dll
0x00007ff831a10000 - 0x00007ff831a17000 	C:\Windows\system32\wshunix.dll

dbghelp: loaded successfully - version: 4.0.5 - missing functions: none
symbol engine: initialized successfully - sym options: 0x614 - pdb path: .;C:\Program Files\Android\Android Studio\jbr\bin;C:\Windows\SYSTEM32;C:\Windows\WinSxS\amd64_microsoft.windows.common-controls_6595b64144ccf1df_6.0.19041.3636_none_60b6a03d71f818d5;C:\Program Files\Android\Android Studio\jbr\bin\server;C:\Users\Nadir\.gradle\native\68d5fa5c4cc2d200863cafc0d521ce42e7d3e7ee720ec0a83991735586a16f82\windows-amd64;C:\Users\Nadir\.gradle\native\e376f236ea51e6404a007f0833ffe2c6e607c4080706a723a18a27aeea778392\windows-amd64

VM Arguments:
jvm_args: --add-opens=java.base/java.util=ALL-UNNAMED --add-opens=java.base/java.lang=ALL-UNNAMED --add-opens=java.base/java.lang.invoke=ALL-UNNAMED --add-opens=java.prefs/java.util.prefs=ALL-UNNAMED --add-opens=java.base/java.nio.charset=ALL-UNNAMED --add-opens=java.base/java.net=ALL-UNNAMED --add-opens=java.base/java.util.concurrent.atomic=ALL-UNNAMED -Xmx2048m -Dfile.encoding=UTF-8 -Duser.country=FR -Duser.language=fr -Duser.variant 
java_command: org.gradle.launcher.daemon.bootstrap.GradleDaemon 8.0
java_class_path (initial): C:\Users\Nadir\.gradle\wrapper\dists\gradle-8.0-bin\ca5e32bp14vu59qr306oxotwh\gradle-8.0\lib\gradle-launcher-8.0.jar
Launcher Type: SUN_STANDARD

[Global flags]
     intx CICompilerCount                          = 4                                         {product} {ergonomic}
     uint ConcGCThreads                            = 2                                         {product} {ergonomic}
     uint G1ConcRefinementThreads                  = 8                                         {product} {ergonomic}
   size_t G1HeapRegionSize                         = 1048576                                   {product} {ergonomic}
    uintx GCDrainStackTargetSize                   = 64                                        {product} {ergonomic}
   size_t InitialHeapSize                          = 536870912                                 {product} {ergonomic}
   size_t MarkStackSize                            = 4194304                                   {product} {ergonomic}
   size_t MaxHeapSize                              = 2147483648                                {product} {command line}
   size_t MaxNewSize                               = 1287651328                                {product} {ergonomic}
   size_t MinHeapDeltaBytes                        = 1048576                                   {product} {ergonomic}
   size_t MinHeapSize                              = 8388608                                   {product} {ergonomic}
    uintx NonNMethodCodeHeapSize                   = 5839372                                {pd product} {ergonomic}
    uintx NonProfiledCodeHeapSize                  = 122909434                              {pd product} {ergonomic}
    uintx ProfiledCodeHeapSize                     = 122909434                              {pd product} {ergonomic}
    uintx ReservedCodeCacheSize                    = 251658240                              {pd product} {ergonomic}
     bool SegmentedCodeCache                       = true                                      {product} {ergonomic}
   size_t SoftMaxHeapSize                          = 2147483648                             {manageable} {ergonomic}
     bool UseCompressedClassPointers               = true                           {product lp64_product} {ergonomic}
     bool UseCompressedOops                        = true                           {product lp64_product} {ergonomic}
     bool UseG1GC                                  = true                                      {product} {ergonomic}
     bool UseLargePagesIndividualAllocation        = false                                  {pd product} {ergonomic}

Logging:
Log output configuration:
 #0: stdout all=warning uptime,level,tags
 #1: stderr all=off uptime,level,tags

Environment Variables:
PATH=C:\Program Files (x86)\Common Files\Oracle\Java\javapath;C:\Windows\system32;C:\Windows;C:\Windows\System32\Wbem;C:\Windows\System32\WindowsPowerShell\v1.0\;C:\Windows\System32\OpenSSH\;C:\Program Files\Git\cmd;C:\Users\Nadir\AppData\Local\Microsoft\WindowsApps;
USERNAME=Nadir
OS=Windows_NT
PROCESSOR_IDENTIFIER=Intel64 Family 6 Model 42 Stepping 7, GenuineIntel
TMP=C:\Users\Nadir\AppData\Local\Temp
TEMP=C:\Users\Nadir\AppData\Local\Temp


JNI global refs:
JNI global refs: 27, weak refs: 4

JNI global refs memory usage: 843, weak refs: 841


---------------  S Y S T E M  ---------------

OS:
 Windows 10 , 64 bit Build 19041 (10.0.19041.3636)
OS uptime: 13 days 12:38 hours
Hyper-V role detected

CPU: total 8 (initial active 8) (4 cores per cpu, 2 threads per core) family 6 model 42 stepping 7 microcode 0x2f, cx8, cmov, fxsr, ht, mmx, sse, sse2, sse3, ssse3, sse4.1, sse4.2, popcnt, tsc, tscinvbit, avx, aes, clmul, vzeroupper, clflush, hv

Memory: 4k page, system-wide physical 32718M (19119M free)
TotalPageFile size 37582M (AvailPageFile size 22256M)
current process WorkingSet (physical memory assigned to process): 442M, peak: 470M
current process commit charge ("private bytes"): 484M, peak: 663M

vm_info: OpenJDK 64-Bit Server VM (17.0.6+0-b2043.56-10027231) for windows-amd64 JRE (17.0.6+0-b2043.56-10027231), built on Apr 28 2023 00:43:19 by "androidbuild" with MS VC++ 16.10 / 16.11 (VS2019)

END.
